#
# There is insufficient memory for the Java Runtime Environment to continue.
# Native memory allocation (malloc) failed to allocate 1481584 bytes for Chunk::new
# Possible reasons:
#   The system is out of physical RAM or swap space
#   The process is running with CompressedOops enabled, and the Java Heap may be blocking the growth of the native heap
# Possible solutions:
#   Reduce memory load on the system
#   Increase physical memory or swap space
#   Check if swap backing store is full
#   Decrease Java heap size (-Xmx/-Xms)
#   Decrease number of Java threads
#   Decrease Java thread stack sizes (-Xss)
#   Set larger code cache with -XX:ReservedCodeCacheSize=
#   JVM is running with Unscaled Compressed Oops mode in which the Java heap is
#     placed in the first 4GB address space. The Java Heap base address is the
#     maximum limit for the native heap growth. Please use -XX:HeapBaseMinAddress
#     to set the Java Heap base and to place the Java Heap above 4GB virtual address.
# This output file may be truncated or incomplete.
#
#  Out of Memory Error (arena.cpp:168), pid=38576, tid=27904
#
# JRE version: Java(TM) SE Runtime Environment (21.0.5+9) (build 21.0.5+9-LTS-239)
# Java VM: Java HotSpot(TM) 64-Bit Server VM (21.0.5+9-LTS-239, mixed mode, sharing, tiered, compressed oops, compressed class ptrs, g1 gc, windows-amd64)
# No core dump will be written. Minidumps are not enabled by default on client versions of Windows
#

---------------  S U M M A R Y ------------

Command Line: --add-opens=java.base/java.lang=ALL-UNNAMED --add-opens=java.base/java.lang.invoke=ALL-UNNAMED --add-opens=java.base/java.util=ALL-UNNAMED --add-opens=java.prefs/java.util.prefs=ALL-UNNAMED --add-exports=jdk.compiler/com.sun.tools.javac.api=ALL-UNNAMED --add-exports=jdk.compiler/com.sun.tools.javac.util=ALL-UNNAMED --add-opens=java.base/java.util=ALL-UNNAMED --add-opens=java.prefs/java.util.prefs=ALL-UNNAMED --add-opens=java.base/java.nio.charset=ALL-UNNAMED --add-opens=java.base/java.net=ALL-UNNAMED --add-opens=java.base/java.util.concurrent.atomic=ALL-UNNAMED --add-opens=java.xml/javax.xml.namespace=ALL-UNNAMED -XX:MaxMetaspaceSize=384m -XX:+HeapDumpOnOutOfMemoryError -Xms256m -Xmx512m -Dfile.encoding=UTF-8 -Duser.country=US -Duser.language=en -Duser.variant -javaagent:C:\Users\arjay\.gradle\wrapper\dists\gradle-8.11.1-bin\bpt9gzteqjrbo1mjrsomdt32c\gradle-8.11.1\lib\agents\gradle-instrumentation-agent-8.11.1.jar org.gradle.launcher.daemon.bootstrap.GradleDaemon 8.11.1

Host: AMD Ryzen 7 5800U with Radeon Graphics         , 16 cores, 13G,  Windows 11 , 64 bit Build 26100 (10.0.26100.2454)
Time: Sun Feb  2 20:30:47 2025 Romance Standard Time elapsed time: 7.553022 seconds (0d 0h 0m 7s)

---------------  T H R E A D  ---------------

Current thread (0x000002812605e900):  JavaThread "C2 CompilerThread1" daemon [_thread_in_native, id=27904, stack(0x000000b9de800000,0x000000b9de900000) (1024K)]


Current CompileTask:
C2:   7553 3976   !   4       java.net.URLClassLoader::findClass (47 bytes)

Stack: [0x000000b9de800000,0x000000b9de900000]
Native frames: (J=compiled Java code, j=interpreted, Vv=VM code, C=native code)
V  [jvm.dll+0x6ca289]
V  [jvm.dll+0x854a51]
V  [jvm.dll+0x856f7e]
V  [jvm.dll+0x857653]
V  [jvm.dll+0x27dd26]
V  [jvm.dll+0xc4c2d]
V  [jvm.dll+0xc5163]
V  [jvm.dll+0x3b4d3c]
V  [jvm.dll+0x1df613]
V  [jvm.dll+0x246a62]
V  [jvm.dll+0x245eef]
V  [jvm.dll+0x1c6d0e]
V  [jvm.dll+0x2554d9]
V  [jvm.dll+0x253a6a]
V  [jvm.dll+0x3ee136]
V  [jvm.dll+0x7fee9b]
V  [jvm.dll+0x6c896d]
C  [ucrtbase.dll+0x14ea0]
C  [KERNEL32.DLL+0x2e8d7]
C  [ntdll.dll+0xdfbcc]


---------------  P R O C E S S  ---------------

Threads class SMR info:
_java_thread_list=0x000002812470d3a0, length=41, elements={
0x0000028169794760, 0x000002817c118ed0, 0x000002817c11a0a0, 0x000002817c11f980,
0x000002817c121480, 0x000002817c129310, 0x000002817c12eff0, 0x000002817c157670,
0x000002817c158880, 0x000002817c251080, 0x000002817c25ba00, 0x000002817c37f2b0,
0x000002817c77ce20, 0x000002817cf449f0, 0x000002817dc7c9e0, 0x000002817de6c5b0,
0x000002817dfae0d0, 0x000002817e096b90, 0x000002817db796e0, 0x000002817df9ee60,
0x000002817dfa59c0, 0x000002817df4e900, 0x000002817df4d550, 0x000002817df4dbe0,
0x000002817df4cec0, 0x000002817df4ef90, 0x000002817df4e270, 0x000002817df4fcb0,
0x000002817df4f620, 0x000002817df50340, 0x0000028127401fb0, 0x0000028127400570,
0x00000281273ffee0, 0x000002812605e900, 0x00000281273ff850, 0x0000028127401920,
0x0000028127402640, 0x0000028127402cd0, 0x0000028127403360, 0x0000028124935d40,
0x0000028124936a30
}

Java Threads: ( => current thread )
  0x0000028169794760 JavaThread "main"                              [_thread_blocked, id=31148, stack(0x000000b9dbf00000,0x000000b9dc000000) (1024K)]
  0x000002817c118ed0 JavaThread "Reference Handler"          daemon [_thread_blocked, id=39068, stack(0x000000b9dc700000,0x000000b9dc800000) (1024K)]
  0x000002817c11a0a0 JavaThread "Finalizer"                  daemon [_thread_blocked, id=41040, stack(0x000000b9dc800000,0x000000b9dc900000) (1024K)]
  0x000002817c11f980 JavaThread "Signal Dispatcher"          daemon [_thread_blocked, id=40080, stack(0x000000b9dc900000,0x000000b9dca00000) (1024K)]
  0x000002817c121480 JavaThread "Attach Listener"            daemon [_thread_blocked, id=18784, stack(0x000000b9dca00000,0x000000b9dcb00000) (1024K)]
  0x000002817c129310 JavaThread "Service Thread"             daemon [_thread_blocked, id=35384, stack(0x000000b9dcb00000,0x000000b9dcc00000) (1024K)]
  0x000002817c12eff0 JavaThread "Monitor Deflation Thread"   daemon [_thread_blocked, id=22748, stack(0x000000b9dcc00000,0x000000b9dcd00000) (1024K)]
  0x000002817c157670 JavaThread "C2 CompilerThread0"         daemon [_thread_in_native, id=35732, stack(0x000000b9dcd00000,0x000000b9dce00000) (1024K)]
  0x000002817c158880 JavaThread "C1 CompilerThread0"         daemon [_thread_blocked, id=33880, stack(0x000000b9dce00000,0x000000b9dcf00000) (1024K)]
  0x000002817c251080 JavaThread "Common-Cleaner"             daemon [_thread_blocked, id=27820, stack(0x000000b9dcf00000,0x000000b9dd000000) (1024K)]
  0x000002817c25ba00 JavaThread "C1 CompilerThread1"         daemon [_thread_blocked, id=5008, stack(0x000000b9dd000000,0x000000b9dd100000) (1024K)]
  0x000002817c37f2b0 JavaThread "Notification Thread"        daemon [_thread_blocked, id=41708, stack(0x000000b9dd200000,0x000000b9dd300000) (1024K)]
  0x000002817c77ce20 JavaThread "C1 CompilerThread2"         daemon [_thread_blocked, id=41140, stack(0x000000b9dd800000,0x000000b9dd900000) (1024K)]
  0x000002817cf449f0 JavaThread "C1 CompilerThread3"         daemon [_thread_blocked, id=16336, stack(0x000000b9dd900000,0x000000b9dda00000) (1024K)]
  0x000002817dc7c9e0 JavaThread "Daemon health stats"               [_thread_blocked, id=41620, stack(0x000000b9ddb00000,0x000000b9ddc00000) (1024K)]
  0x000002817de6c5b0 JavaThread "Incoming local TCP Connector on port 54052"        [_thread_in_native, id=34656, stack(0x000000b9ddc00000,0x000000b9ddd00000) (1024K)]
  0x000002817dfae0d0 JavaThread "Daemon periodic checks"            [_thread_blocked, id=19496, stack(0x000000b9ddd00000,0x000000b9dde00000) (1024K)]
  0x000002817e096b90 JavaThread "Daemon"                            [_thread_blocked, id=32020, stack(0x000000b9dde00000,0x000000b9ddf00000) (1024K)]
  0x000002817db796e0 JavaThread "Handler for socket connection from /127.0.0.1:54052 to /127.0.0.1:54054"        [_thread_in_native, id=21976, stack(0x000000b9ddf00000,0x000000b9de000000) (1024K)]
  0x000002817df9ee60 JavaThread "Cancel handler"                    [_thread_blocked, id=39632, stack(0x000000b9de000000,0x000000b9de100000) (1024K)]
  0x000002817dfa59c0 JavaThread "Daemon worker"                     [_thread_in_vm, id=35916, stack(0x000000b9de100000,0x000000b9de200000) (1024K)]
  0x000002817df4e900 JavaThread "Asynchronous log dispatcher for DefaultDaemonConnection: socket connection from /127.0.0.1:54052 to /127.0.0.1:54054"        [_thread_blocked, id=21016, stack(0x000000b9de200000,0x000000b9de300000) (1024K)]
  0x000002817df4d550 JavaThread "Stdin handler"                     [_thread_blocked, id=37000, stack(0x000000b9de300000,0x000000b9de400000) (1024K)]
  0x000002817df4dbe0 JavaThread "Daemon client event forwarder"        [_thread_blocked, id=34368, stack(0x000000b9de400000,0x000000b9de500000) (1024K)]
  0x000002817df4cec0 JavaThread "Cache worker for journal cache (C:\Users\arjay\.gradle\caches\journal-1)"        [_thread_blocked, id=1956, stack(0x000000b9de500000,0x000000b9de600000) (1024K)]
  0x000002817df4ef90 JavaThread "File lock request listener"        [_thread_in_native, id=13160, stack(0x000000b9de600000,0x000000b9de700000) (1024K)]
  0x000002817df4e270 JavaThread "Cache worker for file hash cache (C:\Users\arjay\.gradle\caches\8.11.1\fileHashes)"        [_thread_blocked, id=40156, stack(0x000000b9de700000,0x000000b9de800000) (1024K)]
  0x000002817df4fcb0 JavaThread "Cache worker for file content cache (C:\Users\arjay\.gradle\caches\8.11.1\fileContent)"        [_thread_blocked, id=40916, stack(0x000000b9de900000,0x000000b9dea00000) (1024K)]
  0x000002817df4f620 JavaThread "Cache worker for file hash cache (C:\Users\arjay\Desktop\Programming\Workspace\arjayprojects\rjbproj-memberapp\services\discovery\.gradle\8.11.1\fileHashes)"        [_thread_blocked, id=27572, stack(0x000000b9df300000,0x000000b9df400000) (1024K)]
  0x000002817df50340 JavaThread "Cache worker for Build Output Cleanup Cache (C:\Users\arjay\Desktop\Programming\Workspace\arjayprojects\rjbproj-memberapp\services\discovery\.gradle\buildOutputCleanup)"        [_thread_blocked, id=39048, stack(0x000000b9df400000,0x000000b9df500000) (1024K)]
  0x0000028127401fb0 JavaThread "File watcher server"        daemon [_thread_in_native, id=41960, stack(0x000000b9dea00000,0x000000b9deb00000) (1024K)]
  0x0000028127400570 JavaThread "File watcher consumer"      daemon [_thread_blocked, id=37064, stack(0x000000b9df500000,0x000000b9df600000) (1024K)]
  0x00000281273ffee0 JavaThread "Cache worker for checksums cache (C:\Users\arjay\Desktop\Programming\Workspace\arjayprojects\rjbproj-memberapp\services\discovery\.gradle\8.11.1\checksums)"        [_thread_blocked, id=39568, stack(0x000000b9dd100000,0x000000b9dd200000) (1024K)]
=>0x000002812605e900 JavaThread "C2 CompilerThread1"         daemon [_thread_in_native, id=27904, stack(0x000000b9de800000,0x000000b9de900000) (1024K)]
  0x00000281273ff850 JavaThread "Cache worker for cache directory md-rule (C:\Users\arjay\.gradle\caches\8.11.1\md-rule)"        [_thread_blocked, id=38076, stack(0x000000b9df600000,0x000000b9df700000) (1024K)]
  0x0000028127401920 JavaThread "File lock release action executor"        [_thread_blocked, id=3512, stack(0x000000b9df700000,0x000000b9df800000) (1024K)]
  0x0000028127402640 JavaThread "Cache worker for cache directory md-supplier (C:\Users\arjay\.gradle\caches\8.11.1\md-supplier)"        [_thread_blocked, id=33648, stack(0x000000b9df800000,0x000000b9df900000) (1024K)]
  0x0000028127402cd0 JavaThread "jar transforms"                    [_thread_blocked, id=33408, stack(0x000000b9df900000,0x000000b9dfa00000) (1024K)]
  0x0000028127403360 JavaThread "jar transforms Thread 2"           [_thread_blocked, id=38028, stack(0x000000b9dfa00000,0x000000b9dfb00000) (1024K)]
  0x0000028124935d40 JavaThread "C2 CompilerThread2"         daemon [_thread_in_native, id=39100, stack(0x000000b9dfb00000,0x000000b9dfc00000) (1024K)]
  0x0000028124936a30 JavaThread "C2 CompilerThread3"         daemon [_thread_in_native, id=41272, stack(0x000000b9dfc00000,0x000000b9dfd00000) (1024K)]
Total: 41

Other Threads:
  0x0000028177f7eab0 VMThread "VM Thread"                           [id=13988, stack(0x000000b9dc600000,0x000000b9dc700000) (1024K)]
  0x0000028177f6c010 WatcherThread "VM Periodic Task Thread"        [id=5064, stack(0x000000b9dc500000,0x000000b9dc600000) (1024K)]
  0x000002816b1638d0 WorkerThread "GC Thread#0"                     [id=15596, stack(0x000000b9dc000000,0x000000b9dc100000) (1024K)]
  0x000002817c692880 WorkerThread "GC Thread#1"                     [id=38228, stack(0x000000b9dd300000,0x000000b9dd400000) (1024K)]
  0x000002817c688060 WorkerThread "GC Thread#2"                     [id=35416, stack(0x000000b9dd400000,0x000000b9dd500000) (1024K)]
  0x000002817c688400 WorkerThread "GC Thread#3"                     [id=38416, stack(0x000000b9dd500000,0x000000b9dd600000) (1024K)]
  0x000002817c7705a0 WorkerThread "GC Thread#4"                     [id=31132, stack(0x000000b9dd600000,0x000000b9dd700000) (1024K)]
  0x000002817c770940 WorkerThread "GC Thread#5"                     [id=41748, stack(0x000000b9dd700000,0x000000b9dd800000) (1024K)]
  0x000002817dcb1330 WorkerThread "GC Thread#6"                     [id=40752, stack(0x000000b9dda00000,0x000000b9ddb00000) (1024K)]
  0x000002817e12bc00 WorkerThread "GC Thread#7"                     [id=32108, stack(0x000000b9deb00000,0x000000b9dec00000) (1024K)]
  0x000002817e12ca80 WorkerThread "GC Thread#8"                     [id=34684, stack(0x000000b9dec00000,0x000000b9ded00000) (1024K)]
  0x000002817e12b4c0 WorkerThread "GC Thread#9"                     [id=37952, stack(0x000000b9ded00000,0x000000b9dee00000) (1024K)]
  0x000002817e12b120 WorkerThread "GC Thread#10"                    [id=33312, stack(0x000000b9dee00000,0x000000b9def00000) (1024K)]
  0x000002812472c930 WorkerThread "GC Thread#11"                    [id=18756, stack(0x000000b9def00000,0x000000b9df000000) (1024K)]
  0x000002812472e9d0 WorkerThread "GC Thread#12"                    [id=40544, stack(0x000000b9df000000,0x000000b9df100000) (1024K)]
  0x000002816b1687d0 ConcurrentGCThread "G1 Main Marker"            [id=8632, stack(0x000000b9dc100000,0x000000b9dc200000) (1024K)]
  0x000002816b16a630 WorkerThread "G1 Conc#0"                       [id=7352, stack(0x000000b9dc200000,0x000000b9dc300000) (1024K)]
  0x000002812472def0 WorkerThread "G1 Conc#1"                       [id=39484, stack(0x000000b9df100000,0x000000b9df200000) (1024K)]
  0x000002812472d410 WorkerThread "G1 Conc#2"                       [id=40280, stack(0x000000b9df200000,0x000000b9df300000) (1024K)]
  0x000002816b1fea80 ConcurrentGCThread "G1 Refine#0"               [id=34488, stack(0x000000b9dc300000,0x000000b9dc400000) (1024K)]
  0x0000028177e3e250 ConcurrentGCThread "G1 Service"                [id=39076, stack(0x000000b9dc400000,0x000000b9dc500000) (1024K)]
Total: 21

Threads with active compile tasks:
C2 CompilerThread0     7596 3981       4       java.net.URLClassLoader$1::run (5 bytes)
C2 CompilerThread1     7596 3976   !   4       java.net.URLClassLoader::findClass (47 bytes)
C2 CompilerThread2     7596 3991   !   4       java.lang.ClassLoader::loadClass (121 bytes)
C2 CompilerThread3     7596 3982   !   4       java.net.URLClassLoader$1::run (81 bytes)
Total: 4

VM state: not at safepoint (normal execution)

VM Mutex/Monitor currently owned by a thread: None

Heap address: 0x00000000e0000000, size: 512 MB, Compressed Oops mode: 32-bit

CDS archive(s) mapped at: [0x000002810f000000-0x000002810fc90000-0x000002810fc90000), size 13172736, SharedBaseAddress: 0x000002810f000000, ArchiveRelocationMode: 1.
Compressed class space mapped at: 0x0000028110000000-0x0000028124000000, reserved size: 335544320
Narrow klass base: 0x000002810f000000, Narrow klass shift: 0, Narrow klass range: 0x100000000

GC Precious Log:
 CardTable entry size: 512
 Card Set container configuration: InlinePtr #cards 5 size 8 Array Of Cards #cards 12 size 40 Howl #buckets 4 coarsen threshold 1843 Howl Bitmap #cards 512 size 80 coarsen threshold 460 Card regions per heap region 1 cards per card region 2048
 CPUs: 16 total, 16 available
 Memory: 14187M
 Large Page Support: Disabled
 NUMA Support: Disabled
 Compressed Oops: Enabled (32-bit)
 Heap Region Size: 1M
 Heap Min Capacity: 256M
 Heap Initial Capacity: 256M
 Heap Max Capacity: 512M
 Pre-touch: Disabled
 Parallel Workers: 13
 Concurrent Workers: 3
 Concurrent Refinement Workers: 13
 Periodic GC: Disabled

Heap:
 garbage-first heap   total 262144K, used 111352K [0x00000000e0000000, 0x0000000100000000)
  region size 1024K, 102 young (104448K), 15 survivors (15360K)
 Metaspace       used 33926K, committed 35200K, reserved 393216K
  class space    used 4954K, committed 5568K, reserved 327680K

Heap Regions: E=young(eden), S=young(survivor), O=old, HS=humongous(starts), HC=humongous(continues), CS=collection set, F=free, TAMS=top-at-mark-start, PB=parsable bottom
|   0|0x00000000e0000000, 0x00000000e0100000, 0x00000000e0100000|100%|HS|  |TAMS 0x00000000e0000000| PB 0x00000000e0000000| Complete 
|   1|0x00000000e0100000, 0x00000000e0200000, 0x00000000e0200000|100%|HC|  |TAMS 0x00000000e0100000| PB 0x00000000e0100000| Complete 
|   2|0x00000000e0200000, 0x00000000e0300000, 0x00000000e0300000|100%|HC|  |TAMS 0x00000000e0200000| PB 0x00000000e0200000| Complete 
|   3|0x00000000e0300000, 0x00000000e0400000, 0x00000000e0400000|100%| O|  |TAMS 0x00000000e0300000| PB 0x00000000e0300000| Untracked 
|   4|0x00000000e0400000, 0x00000000e0500000, 0x00000000e0500000|100%| O|  |TAMS 0x00000000e0400000| PB 0x00000000e0400000| Untracked 
|   5|0x00000000e0500000, 0x00000000e0600000, 0x00000000e0600000|100%| O|  |TAMS 0x00000000e0500000| PB 0x00000000e0500000| Untracked 
|   6|0x00000000e0600000, 0x00000000e0700000, 0x00000000e0700000|100%|HS|  |TAMS 0x00000000e0600000| PB 0x00000000e0600000| Complete 
|   7|0x00000000e0700000, 0x00000000e0700000, 0x00000000e0800000|  0%| F|  |TAMS 0x00000000e0700000| PB 0x00000000e0700000| Untracked 
|   8|0x00000000e0800000, 0x00000000e0900000, 0x00000000e0900000|100%| O|  |TAMS 0x00000000e0800000| PB 0x00000000e0800000| Untracked 
|   9|0x00000000e0900000, 0x00000000e0a00000, 0x00000000e0a00000|100%| O|  |TAMS 0x00000000e0900000| PB 0x00000000e0900000| Untracked 
|  10|0x00000000e0a00000, 0x00000000e0a61140, 0x00000000e0b00000| 37%| O|  |TAMS 0x00000000e0a00000| PB 0x00000000e0a00000| Untracked 
|  11|0x00000000e0b00000, 0x00000000e0b00000, 0x00000000e0c00000|  0%| F|  |TAMS 0x00000000e0b00000| PB 0x00000000e0b00000| Untracked 
|  12|0x00000000e0c00000, 0x00000000e0c00000, 0x00000000e0d00000|  0%| F|  |TAMS 0x00000000e0c00000| PB 0x00000000e0c00000| Untracked 
|  13|0x00000000e0d00000, 0x00000000e0d00000, 0x00000000e0e00000|  0%| F|  |TAMS 0x00000000e0d00000| PB 0x00000000e0d00000| Untracked 
|  14|0x00000000e0e00000, 0x00000000e0e00000, 0x00000000e0f00000|  0%| F|  |TAMS 0x00000000e0e00000| PB 0x00000000e0e00000| Untracked 
|  15|0x00000000e0f00000, 0x00000000e0f00000, 0x00000000e1000000|  0%| F|  |TAMS 0x00000000e0f00000| PB 0x00000000e0f00000| Untracked 
|  16|0x00000000e1000000, 0x00000000e1000000, 0x00000000e1100000|  0%| F|  |TAMS 0x00000000e1000000| PB 0x00000000e1000000| Untracked 
|  17|0x00000000e1100000, 0x00000000e1100000, 0x00000000e1200000|  0%| F|  |TAMS 0x00000000e1100000| PB 0x00000000e1100000| Untracked 
|  18|0x00000000e1200000, 0x00000000e1200000, 0x00000000e1300000|  0%| F|  |TAMS 0x00000000e1200000| PB 0x00000000e1200000| Untracked 
|  19|0x00000000e1300000, 0x00000000e1300000, 0x00000000e1400000|  0%| F|  |TAMS 0x00000000e1300000| PB 0x00000000e1300000| Untracked 
|  20|0x00000000e1400000, 0x00000000e1400000, 0x00000000e1500000|  0%| F|  |TAMS 0x00000000e1400000| PB 0x00000000e1400000| Untracked 
|  21|0x00000000e1500000, 0x00000000e1500000, 0x00000000e1600000|  0%| F|  |TAMS 0x00000000e1500000| PB 0x00000000e1500000| Untracked 
|  22|0x00000000e1600000, 0x00000000e1600000, 0x00000000e1700000|  0%| F|  |TAMS 0x00000000e1600000| PB 0x00000000e1600000| Untracked 
|  23|0x00000000e1700000, 0x00000000e1700000, 0x00000000e1800000|  0%| F|  |TAMS 0x00000000e1700000| PB 0x00000000e1700000| Untracked 
|  24|0x00000000e1800000, 0x00000000e1800000, 0x00000000e1900000|  0%| F|  |TAMS 0x00000000e1800000| PB 0x00000000e1800000| Untracked 
|  25|0x00000000e1900000, 0x00000000e1900000, 0x00000000e1a00000|  0%| F|  |TAMS 0x00000000e1900000| PB 0x00000000e1900000| Untracked 
|  26|0x00000000e1a00000, 0x00000000e1a00000, 0x00000000e1b00000|  0%| F|  |TAMS 0x00000000e1a00000| PB 0x00000000e1a00000| Untracked 
|  27|0x00000000e1b00000, 0x00000000e1b00000, 0x00000000e1c00000|  0%| F|  |TAMS 0x00000000e1b00000| PB 0x00000000e1b00000| Untracked 
|  28|0x00000000e1c00000, 0x00000000e1c00000, 0x00000000e1d00000|  0%| F|  |TAMS 0x00000000e1c00000| PB 0x00000000e1c00000| Untracked 
|  29|0x00000000e1d00000, 0x00000000e1d00000, 0x00000000e1e00000|  0%| F|  |TAMS 0x00000000e1d00000| PB 0x00000000e1d00000| Untracked 
|  30|0x00000000e1e00000, 0x00000000e1e00000, 0x00000000e1f00000|  0%| F|  |TAMS 0x00000000e1e00000| PB 0x00000000e1e00000| Untracked 
|  31|0x00000000e1f00000, 0x00000000e1f00000, 0x00000000e2000000|  0%| F|  |TAMS 0x00000000e1f00000| PB 0x00000000e1f00000| Untracked 
|  32|0x00000000e2000000, 0x00000000e2000000, 0x00000000e2100000|  0%| F|  |TAMS 0x00000000e2000000| PB 0x00000000e2000000| Untracked 
|  33|0x00000000e2100000, 0x00000000e2100000, 0x00000000e2200000|  0%| F|  |TAMS 0x00000000e2100000| PB 0x00000000e2100000| Untracked 
|  34|0x00000000e2200000, 0x00000000e2200000, 0x00000000e2300000|  0%| F|  |TAMS 0x00000000e2200000| PB 0x00000000e2200000| Untracked 
|  35|0x00000000e2300000, 0x00000000e2300000, 0x00000000e2400000|  0%| F|  |TAMS 0x00000000e2300000| PB 0x00000000e2300000| Untracked 
|  36|0x00000000e2400000, 0x00000000e2400000, 0x00000000e2500000|  0%| F|  |TAMS 0x00000000e2400000| PB 0x00000000e2400000| Untracked 
|  37|0x00000000e2500000, 0x00000000e2500000, 0x00000000e2600000|  0%| F|  |TAMS 0x00000000e2500000| PB 0x00000000e2500000| Untracked 
|  38|0x00000000e2600000, 0x00000000e2600000, 0x00000000e2700000|  0%| F|  |TAMS 0x00000000e2600000| PB 0x00000000e2600000| Untracked 
|  39|0x00000000e2700000, 0x00000000e2700000, 0x00000000e2800000|  0%| F|  |TAMS 0x00000000e2700000| PB 0x00000000e2700000| Untracked 
|  40|0x00000000e2800000, 0x00000000e2800000, 0x00000000e2900000|  0%| F|  |TAMS 0x00000000e2800000| PB 0x00000000e2800000| Untracked 
|  41|0x00000000e2900000, 0x00000000e2900000, 0x00000000e2a00000|  0%| F|  |TAMS 0x00000000e2900000| PB 0x00000000e2900000| Untracked 
|  42|0x00000000e2a00000, 0x00000000e2a00000, 0x00000000e2b00000|  0%| F|  |TAMS 0x00000000e2a00000| PB 0x00000000e2a00000| Untracked 
|  43|0x00000000e2b00000, 0x00000000e2b00000, 0x00000000e2c00000|  0%| F|  |TAMS 0x00000000e2b00000| PB 0x00000000e2b00000| Untracked 
|  44|0x00000000e2c00000, 0x00000000e2c00000, 0x00000000e2d00000|  0%| F|  |TAMS 0x00000000e2c00000| PB 0x00000000e2c00000| Untracked 
|  45|0x00000000e2d00000, 0x00000000e2d00000, 0x00000000e2e00000|  0%| F|  |TAMS 0x00000000e2d00000| PB 0x00000000e2d00000| Untracked 
|  46|0x00000000e2e00000, 0x00000000e2e00000, 0x00000000e2f00000|  0%| F|  |TAMS 0x00000000e2e00000| PB 0x00000000e2e00000| Untracked 
|  47|0x00000000e2f00000, 0x00000000e2f00000, 0x00000000e3000000|  0%| F|  |TAMS 0x00000000e2f00000| PB 0x00000000e2f00000| Untracked 
|  48|0x00000000e3000000, 0x00000000e3000000, 0x00000000e3100000|  0%| F|  |TAMS 0x00000000e3000000| PB 0x00000000e3000000| Untracked 
|  49|0x00000000e3100000, 0x00000000e3100000, 0x00000000e3200000|  0%| F|  |TAMS 0x00000000e3100000| PB 0x00000000e3100000| Untracked 
|  50|0x00000000e3200000, 0x00000000e3200000, 0x00000000e3300000|  0%| F|  |TAMS 0x00000000e3200000| PB 0x00000000e3200000| Untracked 
|  51|0x00000000e3300000, 0x00000000e3300000, 0x00000000e3400000|  0%| F|  |TAMS 0x00000000e3300000| PB 0x00000000e3300000| Untracked 
|  52|0x00000000e3400000, 0x00000000e3400000, 0x00000000e3500000|  0%| F|  |TAMS 0x00000000e3400000| PB 0x00000000e3400000| Untracked 
|  53|0x00000000e3500000, 0x00000000e3500000, 0x00000000e3600000|  0%| F|  |TAMS 0x00000000e3500000| PB 0x00000000e3500000| Untracked 
|  54|0x00000000e3600000, 0x00000000e3600000, 0x00000000e3700000|  0%| F|  |TAMS 0x00000000e3600000| PB 0x00000000e3600000| Untracked 
|  55|0x00000000e3700000, 0x00000000e3700000, 0x00000000e3800000|  0%| F|  |TAMS 0x00000000e3700000| PB 0x00000000e3700000| Untracked 
|  56|0x00000000e3800000, 0x00000000e3800000, 0x00000000e3900000|  0%| F|  |TAMS 0x00000000e3800000| PB 0x00000000e3800000| Untracked 
|  57|0x00000000e3900000, 0x00000000e3900000, 0x00000000e3a00000|  0%| F|  |TAMS 0x00000000e3900000| PB 0x00000000e3900000| Untracked 
|  58|0x00000000e3a00000, 0x00000000e3a00000, 0x00000000e3b00000|  0%| F|  |TAMS 0x00000000e3a00000| PB 0x00000000e3a00000| Untracked 
|  59|0x00000000e3b00000, 0x00000000e3b00000, 0x00000000e3c00000|  0%| F|  |TAMS 0x00000000e3b00000| PB 0x00000000e3b00000| Untracked 
|  60|0x00000000e3c00000, 0x00000000e3c00000, 0x00000000e3d00000|  0%| F|  |TAMS 0x00000000e3c00000| PB 0x00000000e3c00000| Untracked 
|  61|0x00000000e3d00000, 0x00000000e3d00000, 0x00000000e3e00000|  0%| F|  |TAMS 0x00000000e3d00000| PB 0x00000000e3d00000| Untracked 
|  62|0x00000000e3e00000, 0x00000000e3e00000, 0x00000000e3f00000|  0%| F|  |TAMS 0x00000000e3e00000| PB 0x00000000e3e00000| Untracked 
|  63|0x00000000e3f00000, 0x00000000e3f00000, 0x00000000e4000000|  0%| F|  |TAMS 0x00000000e3f00000| PB 0x00000000e3f00000| Untracked 
|  64|0x00000000e4000000, 0x00000000e4000000, 0x00000000e4100000|  0%| F|  |TAMS 0x00000000e4000000| PB 0x00000000e4000000| Untracked 
|  65|0x00000000e4100000, 0x00000000e4100000, 0x00000000e4200000|  0%| F|  |TAMS 0x00000000e4100000| PB 0x00000000e4100000| Untracked 
|  66|0x00000000e4200000, 0x00000000e4200000, 0x00000000e4300000|  0%| F|  |TAMS 0x00000000e4200000| PB 0x00000000e4200000| Untracked 
|  67|0x00000000e4300000, 0x00000000e4300000, 0x00000000e4400000|  0%| F|  |TAMS 0x00000000e4300000| PB 0x00000000e4300000| Untracked 
|  68|0x00000000e4400000, 0x00000000e4400000, 0x00000000e4500000|  0%| F|  |TAMS 0x00000000e4400000| PB 0x00000000e4400000| Untracked 
|  69|0x00000000e4500000, 0x00000000e4500000, 0x00000000e4600000|  0%| F|  |TAMS 0x00000000e4500000| PB 0x00000000e4500000| Untracked 
|  70|0x00000000e4600000, 0x00000000e4600000, 0x00000000e4700000|  0%| F|  |TAMS 0x00000000e4600000| PB 0x00000000e4600000| Untracked 
|  71|0x00000000e4700000, 0x00000000e4700000, 0x00000000e4800000|  0%| F|  |TAMS 0x00000000e4700000| PB 0x00000000e4700000| Untracked 
|  72|0x00000000e4800000, 0x00000000e4800000, 0x00000000e4900000|  0%| F|  |TAMS 0x00000000e4800000| PB 0x00000000e4800000| Untracked 
|  73|0x00000000e4900000, 0x00000000e4900000, 0x00000000e4a00000|  0%| F|  |TAMS 0x00000000e4900000| PB 0x00000000e4900000| Untracked 
|  74|0x00000000e4a00000, 0x00000000e4a00000, 0x00000000e4b00000|  0%| F|  |TAMS 0x00000000e4a00000| PB 0x00000000e4a00000| Untracked 
|  75|0x00000000e4b00000, 0x00000000e4b00000, 0x00000000e4c00000|  0%| F|  |TAMS 0x00000000e4b00000| PB 0x00000000e4b00000| Untracked 
|  76|0x00000000e4c00000, 0x00000000e4c00000, 0x00000000e4d00000|  0%| F|  |TAMS 0x00000000e4c00000| PB 0x00000000e4c00000| Untracked 
|  77|0x00000000e4d00000, 0x00000000e4d00000, 0x00000000e4e00000|  0%| F|  |TAMS 0x00000000e4d00000| PB 0x00000000e4d00000| Untracked 
|  78|0x00000000e4e00000, 0x00000000e4e00000, 0x00000000e4f00000|  0%| F|  |TAMS 0x00000000e4e00000| PB 0x00000000e4e00000| Untracked 
|  79|0x00000000e4f00000, 0x00000000e4f00000, 0x00000000e5000000|  0%| F|  |TAMS 0x00000000e4f00000| PB 0x00000000e4f00000| Untracked 
|  80|0x00000000e5000000, 0x00000000e5000000, 0x00000000e5100000|  0%| F|  |TAMS 0x00000000e5000000| PB 0x00000000e5000000| Untracked 
|  81|0x00000000e5100000, 0x00000000e5100000, 0x00000000e5200000|  0%| F|  |TAMS 0x00000000e5100000| PB 0x00000000e5100000| Untracked 
|  82|0x00000000e5200000, 0x00000000e5200000, 0x00000000e5300000|  0%| F|  |TAMS 0x00000000e5200000| PB 0x00000000e5200000| Untracked 
|  83|0x00000000e5300000, 0x00000000e5300000, 0x00000000e5400000|  0%| F|  |TAMS 0x00000000e5300000| PB 0x00000000e5300000| Untracked 
|  84|0x00000000e5400000, 0x00000000e5400000, 0x00000000e5500000|  0%| F|  |TAMS 0x00000000e5400000| PB 0x00000000e5400000| Untracked 
|  85|0x00000000e5500000, 0x00000000e5500000, 0x00000000e5600000|  0%| F|  |TAMS 0x00000000e5500000| PB 0x00000000e5500000| Untracked 
|  86|0x00000000e5600000, 0x00000000e5600000, 0x00000000e5700000|  0%| F|  |TAMS 0x00000000e5600000| PB 0x00000000e5600000| Untracked 
|  87|0x00000000e5700000, 0x00000000e5700000, 0x00000000e5800000|  0%| F|  |TAMS 0x00000000e5700000| PB 0x00000000e5700000| Untracked 
|  88|0x00000000e5800000, 0x00000000e5800000, 0x00000000e5900000|  0%| F|  |TAMS 0x00000000e5800000| PB 0x00000000e5800000| Untracked 
|  89|0x00000000e5900000, 0x00000000e5900000, 0x00000000e5a00000|  0%| F|  |TAMS 0x00000000e5900000| PB 0x00000000e5900000| Untracked 
|  90|0x00000000e5a00000, 0x00000000e5a00000, 0x00000000e5b00000|  0%| F|  |TAMS 0x00000000e5a00000| PB 0x00000000e5a00000| Untracked 
|  91|0x00000000e5b00000, 0x00000000e5b00000, 0x00000000e5c00000|  0%| F|  |TAMS 0x00000000e5b00000| PB 0x00000000e5b00000| Untracked 
|  92|0x00000000e5c00000, 0x00000000e5c00000, 0x00000000e5d00000|  0%| F|  |TAMS 0x00000000e5c00000| PB 0x00000000e5c00000| Untracked 
|  93|0x00000000e5d00000, 0x00000000e5d00000, 0x00000000e5e00000|  0%| F|  |TAMS 0x00000000e5d00000| PB 0x00000000e5d00000| Untracked 
|  94|0x00000000e5e00000, 0x00000000e5e00000, 0x00000000e5f00000|  0%| F|  |TAMS 0x00000000e5e00000| PB 0x00000000e5e00000| Untracked 
|  95|0x00000000e5f00000, 0x00000000e5f00000, 0x00000000e6000000|  0%| F|  |TAMS 0x00000000e5f00000| PB 0x00000000e5f00000| Untracked 
|  96|0x00000000e6000000, 0x00000000e6000000, 0x00000000e6100000|  0%| F|  |TAMS 0x00000000e6000000| PB 0x00000000e6000000| Untracked 
|  97|0x00000000e6100000, 0x00000000e6100000, 0x00000000e6200000|  0%| F|  |TAMS 0x00000000e6100000| PB 0x00000000e6100000| Untracked 
|  98|0x00000000e6200000, 0x00000000e6200000, 0x00000000e6300000|  0%| F|  |TAMS 0x00000000e6200000| PB 0x00000000e6200000| Untracked 
|  99|0x00000000e6300000, 0x00000000e6300000, 0x00000000e6400000|  0%| F|  |TAMS 0x00000000e6300000| PB 0x00000000e6300000| Untracked 
| 100|0x00000000e6400000, 0x00000000e6400000, 0x00000000e6500000|  0%| F|  |TAMS 0x00000000e6400000| PB 0x00000000e6400000| Untracked 
| 101|0x00000000e6500000, 0x00000000e6500000, 0x00000000e6600000|  0%| F|  |TAMS 0x00000000e6500000| PB 0x00000000e6500000| Untracked 
| 102|0x00000000e6600000, 0x00000000e6600000, 0x00000000e6700000|  0%| F|  |TAMS 0x00000000e6600000| PB 0x00000000e6600000| Untracked 
| 103|0x00000000e6700000, 0x00000000e6700000, 0x00000000e6800000|  0%| F|  |TAMS 0x00000000e6700000| PB 0x00000000e6700000| Untracked 
| 104|0x00000000e6800000, 0x00000000e6800000, 0x00000000e6900000|  0%| F|  |TAMS 0x00000000e6800000| PB 0x00000000e6800000| Untracked 
| 105|0x00000000e6900000, 0x00000000e6900000, 0x00000000e6a00000|  0%| F|  |TAMS 0x00000000e6900000| PB 0x00000000e6900000| Untracked 
| 106|0x00000000e6a00000, 0x00000000e6a00000, 0x00000000e6b00000|  0%| F|  |TAMS 0x00000000e6a00000| PB 0x00000000e6a00000| Untracked 
| 107|0x00000000e6b00000, 0x00000000e6b00000, 0x00000000e6c00000|  0%| F|  |TAMS 0x00000000e6b00000| PB 0x00000000e6b00000| Untracked 
| 108|0x00000000e6c00000, 0x00000000e6c00000, 0x00000000e6d00000|  0%| F|  |TAMS 0x00000000e6c00000| PB 0x00000000e6c00000| Untracked 
| 109|0x00000000e6d00000, 0x00000000e6d00000, 0x00000000e6e00000|  0%| F|  |TAMS 0x00000000e6d00000| PB 0x00000000e6d00000| Untracked 
| 110|0x00000000e6e00000, 0x00000000e6e00000, 0x00000000e6f00000|  0%| F|  |TAMS 0x00000000e6e00000| PB 0x00000000e6e00000| Untracked 
| 111|0x00000000e6f00000, 0x00000000e6f00000, 0x00000000e7000000|  0%| F|  |TAMS 0x00000000e6f00000| PB 0x00000000e6f00000| Untracked 
| 112|0x00000000e7000000, 0x00000000e7000000, 0x00000000e7100000|  0%| F|  |TAMS 0x00000000e7000000| PB 0x00000000e7000000| Untracked 
| 113|0x00000000e7100000, 0x00000000e7100000, 0x00000000e7200000|  0%| F|  |TAMS 0x00000000e7100000| PB 0x00000000e7100000| Untracked 
| 114|0x00000000e7200000, 0x00000000e7200000, 0x00000000e7300000|  0%| F|  |TAMS 0x00000000e7200000| PB 0x00000000e7200000| Untracked 
| 115|0x00000000e7300000, 0x00000000e7300000, 0x00000000e7400000|  0%| F|  |TAMS 0x00000000e7300000| PB 0x00000000e7300000| Untracked 
| 116|0x00000000e7400000, 0x00000000e7400000, 0x00000000e7500000|  0%| F|  |TAMS 0x00000000e7400000| PB 0x00000000e7400000| Untracked 
| 117|0x00000000e7500000, 0x00000000e7500000, 0x00000000e7600000|  0%| F|  |TAMS 0x00000000e7500000| PB 0x00000000e7500000| Untracked 
| 118|0x00000000e7600000, 0x00000000e7600000, 0x00000000e7700000|  0%| F|  |TAMS 0x00000000e7600000| PB 0x00000000e7600000| Untracked 
| 119|0x00000000e7700000, 0x00000000e7700000, 0x00000000e7800000|  0%| F|  |TAMS 0x00000000e7700000| PB 0x00000000e7700000| Untracked 
| 120|0x00000000e7800000, 0x00000000e7800000, 0x00000000e7900000|  0%| F|  |TAMS 0x00000000e7800000| PB 0x00000000e7800000| Untracked 
| 121|0x00000000e7900000, 0x00000000e7900000, 0x00000000e7a00000|  0%| F|  |TAMS 0x00000000e7900000| PB 0x00000000e7900000| Untracked 
| 122|0x00000000e7a00000, 0x00000000e7a00000, 0x00000000e7b00000|  0%| F|  |TAMS 0x00000000e7a00000| PB 0x00000000e7a00000| Untracked 
| 123|0x00000000e7b00000, 0x00000000e7b00000, 0x00000000e7c00000|  0%| F|  |TAMS 0x00000000e7b00000| PB 0x00000000e7b00000| Untracked 
| 124|0x00000000e7c00000, 0x00000000e7c00000, 0x00000000e7d00000|  0%| F|  |TAMS 0x00000000e7c00000| PB 0x00000000e7c00000| Untracked 
| 125|0x00000000e7d00000, 0x00000000e7d00000, 0x00000000e7e00000|  0%| F|  |TAMS 0x00000000e7d00000| PB 0x00000000e7d00000| Untracked 
| 126|0x00000000e7e00000, 0x00000000e7e00000, 0x00000000e7f00000|  0%| F|  |TAMS 0x00000000e7e00000| PB 0x00000000e7e00000| Untracked 
| 127|0x00000000e7f00000, 0x00000000e7f00000, 0x00000000e8000000|  0%| F|  |TAMS 0x00000000e7f00000| PB 0x00000000e7f00000| Untracked 
| 128|0x00000000e8000000, 0x00000000e8000000, 0x00000000e8100000|  0%| F|  |TAMS 0x00000000e8000000| PB 0x00000000e8000000| Untracked 
| 129|0x00000000e8100000, 0x00000000e8100000, 0x00000000e8200000|  0%| F|  |TAMS 0x00000000e8100000| PB 0x00000000e8100000| Untracked 
| 130|0x00000000e8200000, 0x00000000e8200000, 0x00000000e8300000|  0%| F|  |TAMS 0x00000000e8200000| PB 0x00000000e8200000| Untracked 
| 131|0x00000000e8300000, 0x00000000e8300000, 0x00000000e8400000|  0%| F|  |TAMS 0x00000000e8300000| PB 0x00000000e8300000| Untracked 
| 132|0x00000000e8400000, 0x00000000e8400000, 0x00000000e8500000|  0%| F|  |TAMS 0x00000000e8400000| PB 0x00000000e8400000| Untracked 
| 133|0x00000000e8500000, 0x00000000e8500000, 0x00000000e8600000|  0%| F|  |TAMS 0x00000000e8500000| PB 0x00000000e8500000| Untracked 
| 134|0x00000000e8600000, 0x00000000e8600000, 0x00000000e8700000|  0%| F|  |TAMS 0x00000000e8600000| PB 0x00000000e8600000| Untracked 
| 135|0x00000000e8700000, 0x00000000e8700000, 0x00000000e8800000|  0%| F|  |TAMS 0x00000000e8700000| PB 0x00000000e8700000| Untracked 
| 136|0x00000000e8800000, 0x00000000e8800000, 0x00000000e8900000|  0%| F|  |TAMS 0x00000000e8800000| PB 0x00000000e8800000| Untracked 
| 137|0x00000000e8900000, 0x00000000e8900000, 0x00000000e8a00000|  0%| F|  |TAMS 0x00000000e8900000| PB 0x00000000e8900000| Untracked 
| 138|0x00000000e8a00000, 0x00000000e8a00000, 0x00000000e8b00000|  0%| F|  |TAMS 0x00000000e8a00000| PB 0x00000000e8a00000| Untracked 
| 139|0x00000000e8b00000, 0x00000000e8b00000, 0x00000000e8c00000|  0%| F|  |TAMS 0x00000000e8b00000| PB 0x00000000e8b00000| Untracked 
| 140|0x00000000e8c00000, 0x00000000e8c00000, 0x00000000e8d00000|  0%| F|  |TAMS 0x00000000e8c00000| PB 0x00000000e8c00000| Untracked 
| 141|0x00000000e8d00000, 0x00000000e8d00000, 0x00000000e8e00000|  0%| F|  |TAMS 0x00000000e8d00000| PB 0x00000000e8d00000| Untracked 
| 142|0x00000000e8e00000, 0x00000000e8e00000, 0x00000000e8f00000|  0%| F|  |TAMS 0x00000000e8e00000| PB 0x00000000e8e00000| Untracked 
| 143|0x00000000e8f00000, 0x00000000e8f00000, 0x00000000e9000000|  0%| F|  |TAMS 0x00000000e8f00000| PB 0x00000000e8f00000| Untracked 
| 144|0x00000000e9000000, 0x00000000e9000000, 0x00000000e9100000|  0%| F|  |TAMS 0x00000000e9000000| PB 0x00000000e9000000| Untracked 
| 145|0x00000000e9100000, 0x00000000e9100000, 0x00000000e9200000|  0%| F|  |TAMS 0x00000000e9100000| PB 0x00000000e9100000| Untracked 
| 146|0x00000000e9200000, 0x00000000e9200000, 0x00000000e9300000|  0%| F|  |TAMS 0x00000000e9200000| PB 0x00000000e9200000| Untracked 
| 147|0x00000000e9300000, 0x00000000e9300000, 0x00000000e9400000|  0%| F|  |TAMS 0x00000000e9300000| PB 0x00000000e9300000| Untracked 
| 148|0x00000000e9400000, 0x00000000e9400000, 0x00000000e9500000|  0%| F|  |TAMS 0x00000000e9400000| PB 0x00000000e9400000| Untracked 
| 149|0x00000000e9500000, 0x00000000e955d0d0, 0x00000000e9600000| 36%| S|CS|TAMS 0x00000000e9500000| PB 0x00000000e9500000| Complete 
| 150|0x00000000e9600000, 0x00000000e9700000, 0x00000000e9700000|100%| S|CS|TAMS 0x00000000e9600000| PB 0x00000000e9600000| Complete 
| 151|0x00000000e9700000, 0x00000000e9800000, 0x00000000e9800000|100%| S|CS|TAMS 0x00000000e9700000| PB 0x00000000e9700000| Complete 
| 152|0x00000000e9800000, 0x00000000e9900000, 0x00000000e9900000|100%| S|CS|TAMS 0x00000000e9800000| PB 0x00000000e9800000| Complete 
| 153|0x00000000e9900000, 0x00000000e9a00000, 0x00000000e9a00000|100%| S|CS|TAMS 0x00000000e9900000| PB 0x00000000e9900000| Complete 
| 154|0x00000000e9a00000, 0x00000000e9b00000, 0x00000000e9b00000|100%| S|CS|TAMS 0x00000000e9a00000| PB 0x00000000e9a00000| Complete 
| 155|0x00000000e9b00000, 0x00000000e9c00000, 0x00000000e9c00000|100%| S|CS|TAMS 0x00000000e9b00000| PB 0x00000000e9b00000| Complete 
| 156|0x00000000e9c00000, 0x00000000e9d00000, 0x00000000e9d00000|100%| S|CS|TAMS 0x00000000e9c00000| PB 0x00000000e9c00000| Complete 
| 157|0x00000000e9d00000, 0x00000000e9e00000, 0x00000000e9e00000|100%| S|CS|TAMS 0x00000000e9d00000| PB 0x00000000e9d00000| Complete 
| 158|0x00000000e9e00000, 0x00000000e9f00000, 0x00000000e9f00000|100%| S|CS|TAMS 0x00000000e9e00000| PB 0x00000000e9e00000| Complete 
| 159|0x00000000e9f00000, 0x00000000ea000000, 0x00000000ea000000|100%| S|CS|TAMS 0x00000000e9f00000| PB 0x00000000e9f00000| Complete 
| 160|0x00000000ea000000, 0x00000000ea100000, 0x00000000ea100000|100%| S|CS|TAMS 0x00000000ea000000| PB 0x00000000ea000000| Complete 
| 161|0x00000000ea100000, 0x00000000ea200000, 0x00000000ea200000|100%| S|CS|TAMS 0x00000000ea100000| PB 0x00000000ea100000| Complete 
| 162|0x00000000ea200000, 0x00000000ea300000, 0x00000000ea300000|100%| S|CS|TAMS 0x00000000ea200000| PB 0x00000000ea200000| Complete 
| 163|0x00000000ea300000, 0x00000000ea400000, 0x00000000ea400000|100%| S|CS|TAMS 0x00000000ea300000| PB 0x00000000ea300000| Complete 
| 164|0x00000000ea400000, 0x00000000ea400000, 0x00000000ea500000|  0%| F|  |TAMS 0x00000000ea400000| PB 0x00000000ea400000| Untracked 
| 165|0x00000000ea500000, 0x00000000ea500000, 0x00000000ea600000|  0%| F|  |TAMS 0x00000000ea500000| PB 0x00000000ea500000| Untracked 
| 166|0x00000000ea600000, 0x00000000ea600000, 0x00000000ea700000|  0%| F|  |TAMS 0x00000000ea600000| PB 0x00000000ea600000| Untracked 
| 167|0x00000000ea700000, 0x00000000ea700000, 0x00000000ea800000|  0%| F|  |TAMS 0x00000000ea700000| PB 0x00000000ea700000| Untracked 
| 168|0x00000000ea800000, 0x00000000ea800000, 0x00000000ea900000|  0%| F|  |TAMS 0x00000000ea800000| PB 0x00000000ea800000| Untracked 
| 169|0x00000000ea900000, 0x00000000ea980800, 0x00000000eaa00000| 50%| E|  |TAMS 0x00000000ea900000| PB 0x00000000ea900000| Complete 
| 170|0x00000000eaa00000, 0x00000000eab00000, 0x00000000eab00000|100%| E|CS|TAMS 0x00000000eaa00000| PB 0x00000000eaa00000| Complete 
| 171|0x00000000eab00000, 0x00000000eac00000, 0x00000000eac00000|100%| E|CS|TAMS 0x00000000eab00000| PB 0x00000000eab00000| Complete 
| 172|0x00000000eac00000, 0x00000000ead00000, 0x00000000ead00000|100%| E|CS|TAMS 0x00000000eac00000| PB 0x00000000eac00000| Complete 
| 173|0x00000000ead00000, 0x00000000eae00000, 0x00000000eae00000|100%| E|CS|TAMS 0x00000000ead00000| PB 0x00000000ead00000| Complete 
| 174|0x00000000eae00000, 0x00000000eaf00000, 0x00000000eaf00000|100%| E|CS|TAMS 0x00000000eae00000| PB 0x00000000eae00000| Complete 
| 175|0x00000000eaf00000, 0x00000000eb000000, 0x00000000eb000000|100%| E|CS|TAMS 0x00000000eaf00000| PB 0x00000000eaf00000| Complete 
| 176|0x00000000eb000000, 0x00000000eb100000, 0x00000000eb100000|100%| E|CS|TAMS 0x00000000eb000000| PB 0x00000000eb000000| Complete 
| 177|0x00000000eb100000, 0x00000000eb200000, 0x00000000eb200000|100%| E|CS|TAMS 0x00000000eb100000| PB 0x00000000eb100000| Complete 
| 178|0x00000000eb200000, 0x00000000eb300000, 0x00000000eb300000|100%| E|CS|TAMS 0x00000000eb200000| PB 0x00000000eb200000| Complete 
| 179|0x00000000eb300000, 0x00000000eb400000, 0x00000000eb400000|100%| E|CS|TAMS 0x00000000eb300000| PB 0x00000000eb300000| Complete 
| 180|0x00000000eb400000, 0x00000000eb500000, 0x00000000eb500000|100%| E|CS|TAMS 0x00000000eb400000| PB 0x00000000eb400000| Complete 
| 181|0x00000000eb500000, 0x00000000eb600000, 0x00000000eb600000|100%| E|CS|TAMS 0x00000000eb500000| PB 0x00000000eb500000| Complete 
| 182|0x00000000eb600000, 0x00000000eb700000, 0x00000000eb700000|100%| E|CS|TAMS 0x00000000eb600000| PB 0x00000000eb600000| Complete 
| 183|0x00000000eb700000, 0x00000000eb800000, 0x00000000eb800000|100%| E|CS|TAMS 0x00000000eb700000| PB 0x00000000eb700000| Complete 
| 184|0x00000000eb800000, 0x00000000eb900000, 0x00000000eb900000|100%| E|CS|TAMS 0x00000000eb800000| PB 0x00000000eb800000| Complete 
| 185|0x00000000eb900000, 0x00000000eba00000, 0x00000000eba00000|100%| E|CS|TAMS 0x00000000eb900000| PB 0x00000000eb900000| Complete 
| 186|0x00000000eba00000, 0x00000000ebb00000, 0x00000000ebb00000|100%| E|CS|TAMS 0x00000000eba00000| PB 0x00000000eba00000| Complete 
| 187|0x00000000ebb00000, 0x00000000ebc00000, 0x00000000ebc00000|100%| E|CS|TAMS 0x00000000ebb00000| PB 0x00000000ebb00000| Complete 
| 188|0x00000000ebc00000, 0x00000000ebd00000, 0x00000000ebd00000|100%| E|CS|TAMS 0x00000000ebc00000| PB 0x00000000ebc00000| Complete 
| 189|0x00000000ebd00000, 0x00000000ebe00000, 0x00000000ebe00000|100%| E|CS|TAMS 0x00000000ebd00000| PB 0x00000000ebd00000| Complete 
| 190|0x00000000ebe00000, 0x00000000ebf00000, 0x00000000ebf00000|100%| E|CS|TAMS 0x00000000ebe00000| PB 0x00000000ebe00000| Complete 
| 191|0x00000000ebf00000, 0x00000000ec000000, 0x00000000ec000000|100%| E|CS|TAMS 0x00000000ebf00000| PB 0x00000000ebf00000| Complete 
| 192|0x00000000ec000000, 0x00000000ec100000, 0x00000000ec100000|100%| E|CS|TAMS 0x00000000ec000000| PB 0x00000000ec000000| Complete 
| 193|0x00000000ec100000, 0x00000000ec200000, 0x00000000ec200000|100%| E|CS|TAMS 0x00000000ec100000| PB 0x00000000ec100000| Complete 
| 194|0x00000000ec200000, 0x00000000ec300000, 0x00000000ec300000|100%| E|CS|TAMS 0x00000000ec200000| PB 0x00000000ec200000| Complete 
| 195|0x00000000ec300000, 0x00000000ec400000, 0x00000000ec400000|100%| E|CS|TAMS 0x00000000ec300000| PB 0x00000000ec300000| Complete 
| 196|0x00000000ec400000, 0x00000000ec500000, 0x00000000ec500000|100%| E|CS|TAMS 0x00000000ec400000| PB 0x00000000ec400000| Complete 
| 197|0x00000000ec500000, 0x00000000ec600000, 0x00000000ec600000|100%| E|CS|TAMS 0x00000000ec500000| PB 0x00000000ec500000| Complete 
| 198|0x00000000ec600000, 0x00000000ec700000, 0x00000000ec700000|100%| E|CS|TAMS 0x00000000ec600000| PB 0x00000000ec600000| Complete 
| 199|0x00000000ec700000, 0x00000000ec800000, 0x00000000ec800000|100%| E|CS|TAMS 0x00000000ec700000| PB 0x00000000ec700000| Complete 
| 200|0x00000000ec800000, 0x00000000ec900000, 0x00000000ec900000|100%| E|CS|TAMS 0x00000000ec800000| PB 0x00000000ec800000| Complete 
| 201|0x00000000ec900000, 0x00000000eca00000, 0x00000000eca00000|100%| E|CS|TAMS 0x00000000ec900000| PB 0x00000000ec900000| Complete 
| 202|0x00000000eca00000, 0x00000000ecb00000, 0x00000000ecb00000|100%| E|CS|TAMS 0x00000000eca00000| PB 0x00000000eca00000| Complete 
| 203|0x00000000ecb00000, 0x00000000ecc00000, 0x00000000ecc00000|100%| E|CS|TAMS 0x00000000ecb00000| PB 0x00000000ecb00000| Complete 
| 204|0x00000000ecc00000, 0x00000000ecd00000, 0x00000000ecd00000|100%| E|CS|TAMS 0x00000000ecc00000| PB 0x00000000ecc00000| Complete 
| 205|0x00000000ecd00000, 0x00000000ece00000, 0x00000000ece00000|100%| E|CS|TAMS 0x00000000ecd00000| PB 0x00000000ecd00000| Complete 
| 206|0x00000000ece00000, 0x00000000ecf00000, 0x00000000ecf00000|100%| E|CS|TAMS 0x00000000ece00000| PB 0x00000000ece00000| Complete 
| 207|0x00000000ecf00000, 0x00000000ed000000, 0x00000000ed000000|100%| E|CS|TAMS 0x00000000ecf00000| PB 0x00000000ecf00000| Complete 
| 208|0x00000000ed000000, 0x00000000ed100000, 0x00000000ed100000|100%| E|CS|TAMS 0x00000000ed000000| PB 0x00000000ed000000| Complete 
| 209|0x00000000ed100000, 0x00000000ed200000, 0x00000000ed200000|100%| E|CS|TAMS 0x00000000ed100000| PB 0x00000000ed100000| Complete 
| 210|0x00000000ed200000, 0x00000000ed300000, 0x00000000ed300000|100%| E|CS|TAMS 0x00000000ed200000| PB 0x00000000ed200000| Complete 
| 211|0x00000000ed300000, 0x00000000ed400000, 0x00000000ed400000|100%| E|CS|TAMS 0x00000000ed300000| PB 0x00000000ed300000| Complete 
| 212|0x00000000ed400000, 0x00000000ed500000, 0x00000000ed500000|100%| E|CS|TAMS 0x00000000ed400000| PB 0x00000000ed400000| Complete 
| 213|0x00000000ed500000, 0x00000000ed600000, 0x00000000ed600000|100%| E|CS|TAMS 0x00000000ed500000| PB 0x00000000ed500000| Complete 
| 214|0x00000000ed600000, 0x00000000ed700000, 0x00000000ed700000|100%| E|CS|TAMS 0x00000000ed600000| PB 0x00000000ed600000| Complete 
| 215|0x00000000ed700000, 0x00000000ed800000, 0x00000000ed800000|100%| E|CS|TAMS 0x00000000ed700000| PB 0x00000000ed700000| Complete 
| 216|0x00000000ed800000, 0x00000000ed900000, 0x00000000ed900000|100%| E|CS|TAMS 0x00000000ed800000| PB 0x00000000ed800000| Complete 
| 217|0x00000000ed900000, 0x00000000eda00000, 0x00000000eda00000|100%| E|CS|TAMS 0x00000000ed900000| PB 0x00000000ed900000| Complete 
| 218|0x00000000eda00000, 0x00000000edb00000, 0x00000000edb00000|100%| E|CS|TAMS 0x00000000eda00000| PB 0x00000000eda00000| Complete 
| 219|0x00000000edb00000, 0x00000000edc00000, 0x00000000edc00000|100%| E|CS|TAMS 0x00000000edb00000| PB 0x00000000edb00000| Complete 
| 220|0x00000000edc00000, 0x00000000edd00000, 0x00000000edd00000|100%| E|CS|TAMS 0x00000000edc00000| PB 0x00000000edc00000| Complete 
| 221|0x00000000edd00000, 0x00000000ede00000, 0x00000000ede00000|100%| E|CS|TAMS 0x00000000edd00000| PB 0x00000000edd00000| Complete 
| 222|0x00000000ede00000, 0x00000000edf00000, 0x00000000edf00000|100%| E|CS|TAMS 0x00000000ede00000| PB 0x00000000ede00000| Complete 
| 223|0x00000000edf00000, 0x00000000ee000000, 0x00000000ee000000|100%| E|CS|TAMS 0x00000000edf00000| PB 0x00000000edf00000| Complete 
| 224|0x00000000ee000000, 0x00000000ee100000, 0x00000000ee100000|100%| E|CS|TAMS 0x00000000ee000000| PB 0x00000000ee000000| Complete 
| 225|0x00000000ee100000, 0x00000000ee200000, 0x00000000ee200000|100%| E|CS|TAMS 0x00000000ee100000| PB 0x00000000ee100000| Complete 
| 226|0x00000000ee200000, 0x00000000ee300000, 0x00000000ee300000|100%| E|CS|TAMS 0x00000000ee200000| PB 0x00000000ee200000| Complete 
| 227|0x00000000ee300000, 0x00000000ee400000, 0x00000000ee400000|100%| E|CS|TAMS 0x00000000ee300000| PB 0x00000000ee300000| Complete 
| 228|0x00000000ee400000, 0x00000000ee500000, 0x00000000ee500000|100%| E|CS|TAMS 0x00000000ee400000| PB 0x00000000ee400000| Complete 
| 229|0x00000000ee500000, 0x00000000ee600000, 0x00000000ee600000|100%| E|CS|TAMS 0x00000000ee500000| PB 0x00000000ee500000| Complete 
| 230|0x00000000ee600000, 0x00000000ee700000, 0x00000000ee700000|100%| E|CS|TAMS 0x00000000ee600000| PB 0x00000000ee600000| Complete 
| 231|0x00000000ee700000, 0x00000000ee800000, 0x00000000ee800000|100%| E|CS|TAMS 0x00000000ee700000| PB 0x00000000ee700000| Complete 
| 232|0x00000000ee800000, 0x00000000ee900000, 0x00000000ee900000|100%| E|CS|TAMS 0x00000000ee800000| PB 0x00000000ee800000| Complete 
| 233|0x00000000ee900000, 0x00000000eea00000, 0x00000000eea00000|100%| E|CS|TAMS 0x00000000ee900000| PB 0x00000000ee900000| Complete 
| 234|0x00000000eea00000, 0x00000000eeb00000, 0x00000000eeb00000|100%| E|CS|TAMS 0x00000000eea00000| PB 0x00000000eea00000| Complete 
| 235|0x00000000eeb00000, 0x00000000eec00000, 0x00000000eec00000|100%| E|CS|TAMS 0x00000000eeb00000| PB 0x00000000eeb00000| Complete 
| 236|0x00000000eec00000, 0x00000000eed00000, 0x00000000eed00000|100%| E|CS|TAMS 0x00000000eec00000| PB 0x00000000eec00000| Complete 
| 237|0x00000000eed00000, 0x00000000eee00000, 0x00000000eee00000|100%| E|CS|TAMS 0x00000000eed00000| PB 0x00000000eed00000| Complete 
| 238|0x00000000eee00000, 0x00000000eef00000, 0x00000000eef00000|100%| E|CS|TAMS 0x00000000eee00000| PB 0x00000000eee00000| Complete 
| 239|0x00000000eef00000, 0x00000000ef000000, 0x00000000ef000000|100%| E|CS|TAMS 0x00000000eef00000| PB 0x00000000eef00000| Complete 
| 240|0x00000000ef000000, 0x00000000ef100000, 0x00000000ef100000|100%| E|CS|TAMS 0x00000000ef000000| PB 0x00000000ef000000| Complete 
| 241|0x00000000ef100000, 0x00000000ef200000, 0x00000000ef200000|100%| E|CS|TAMS 0x00000000ef100000| PB 0x00000000ef100000| Complete 
| 242|0x00000000ef200000, 0x00000000ef300000, 0x00000000ef300000|100%| E|CS|TAMS 0x00000000ef200000| PB 0x00000000ef200000| Complete 
| 243|0x00000000ef300000, 0x00000000ef400000, 0x00000000ef400000|100%| E|CS|TAMS 0x00000000ef300000| PB 0x00000000ef300000| Complete 
| 244|0x00000000ef400000, 0x00000000ef500000, 0x00000000ef500000|100%| E|CS|TAMS 0x00000000ef400000| PB 0x00000000ef400000| Complete 
| 245|0x00000000ef500000, 0x00000000ef600000, 0x00000000ef600000|100%| E|CS|TAMS 0x00000000ef500000| PB 0x00000000ef500000| Complete 
| 246|0x00000000ef600000, 0x00000000ef700000, 0x00000000ef700000|100%| E|CS|TAMS 0x00000000ef600000| PB 0x00000000ef600000| Complete 
| 247|0x00000000ef700000, 0x00000000ef800000, 0x00000000ef800000|100%| E|CS|TAMS 0x00000000ef700000| PB 0x00000000ef700000| Complete 
| 248|0x00000000ef800000, 0x00000000ef900000, 0x00000000ef900000|100%| E|CS|TAMS 0x00000000ef800000| PB 0x00000000ef800000| Complete 
| 249|0x00000000ef900000, 0x00000000efa00000, 0x00000000efa00000|100%| E|CS|TAMS 0x00000000ef900000| PB 0x00000000ef900000| Complete 
| 250|0x00000000efa00000, 0x00000000efb00000, 0x00000000efb00000|100%| E|CS|TAMS 0x00000000efa00000| PB 0x00000000efa00000| Complete 
| 251|0x00000000efb00000, 0x00000000efc00000, 0x00000000efc00000|100%| E|CS|TAMS 0x00000000efb00000| PB 0x00000000efb00000| Complete 
| 252|0x00000000efc00000, 0x00000000efd00000, 0x00000000efd00000|100%| E|CS|TAMS 0x00000000efc00000| PB 0x00000000efc00000| Complete 
| 253|0x00000000efd00000, 0x00000000efe00000, 0x00000000efe00000|100%| E|CS|TAMS 0x00000000efd00000| PB 0x00000000efd00000| Complete 
| 254|0x00000000efe00000, 0x00000000eff00000, 0x00000000eff00000|100%| E|CS|TAMS 0x00000000efe00000| PB 0x00000000efe00000| Complete 
| 255|0x00000000eff00000, 0x00000000f0000000, 0x00000000f0000000|100%| E|  |TAMS 0x00000000eff00000| PB 0x00000000eff00000| Complete 

Card table byte_map: [0x00000281746b0000,0x00000281747b0000] _byte_map_base: 0x0000028173fb0000

Marking Bits: (CMBitMap*) 0x000002816b163e70
 Bits: [0x00000281747b0000, 0x0000028174fb0000)

Polling page: 0x00000281698e0000

Metaspace:

Usage:
  Non-class:     28.31 MB used.
      Class:      4.84 MB used.
       Both:     33.15 MB used.

Virtual space:
  Non-class space:       64.00 MB reserved,      28.94 MB ( 45%) committed,  1 nodes.
      Class space:      320.00 MB reserved,       5.44 MB (  2%) committed,  1 nodes.
             Both:      384.00 MB reserved,      34.38 MB (  9%) committed. 

Chunk freelists:
   Non-Class:  2.62 MB
       Class:  10.50 MB
        Both:  13.12 MB

MaxMetaspaceSize: 384.00 MB
CompressedClassSpaceSize: 320.00 MB
Initial GC threshold: 21.00 MB
Current GC threshold: 35.12 MB
CDS: on
 - commit_granule_bytes: 65536.
 - commit_granule_words: 8192.
 - virtual_space_node_default_size: 8388608.
 - enlarge_chunks_in_place: 1.
 - use_allocation_guard: 0.


Internal statistics:

num_allocs_failed_limit: 3.
num_arena_births: 2244.
num_arena_deaths: 0.
num_vsnodes_births: 2.
num_vsnodes_deaths: 0.
num_space_committed: 550.
num_space_uncommitted: 0.
num_chunks_returned_to_freelist: 3.
num_chunks_taken_from_freelist: 3803.
num_chunk_merges: 3.
num_chunk_splits: 2463.
num_chunks_enlarged: 1493.
num_inconsistent_stats: 0.

CodeHeap 'non-profiled nmethods': size=119168Kb used=2325Kb max_used=2325Kb free=116843Kb
 bounds [0x0000028107ba0000, 0x0000028107e10000, 0x000002810f000000]
CodeHeap 'profiled nmethods': size=119104Kb used=8552Kb max_used=8552Kb free=110551Kb
 bounds [0x0000028100000000, 0x0000028100860000, 0x0000028107450000]
CodeHeap 'non-nmethods': size=7488Kb used=3222Kb max_used=3263Kb free=4265Kb
 bounds [0x0000028107450000, 0x0000028107790000, 0x0000028107ba0000]
 total_blobs=4758 nmethods=4158 adapters=501
 compilation: enabled
              stopped_count=0, restarted_count=0
 full_count=0

Compilation events (20 events):
Event: 7.274 Thread 0x000002817c25ba00 4166       3       java.util.Properties::<init> (32 bytes)
Event: 7.274 Thread 0x000002817cf449f0 4167       3       java.util.Hashtable::<init> (10 bytes)
Event: 7.274 Thread 0x000002817cf449f0 nmethod 4167 0x0000028100854b10 code [0x0000028100854cc0, 0x0000028100854e90]
Event: 7.275 Thread 0x000002817c25ba00 nmethod 4166 0x0000028100854f90 code [0x0000028100855180, 0x00000281008555c0]
Event: 7.276 Thread 0x000002817cf449f0 4168       3       java.util.Properties::load0 (249 bytes)
Event: 7.277 Thread 0x000002817cf449f0 nmethod 4168 0x0000028100855790 code [0x00000281008559e0, 0x00000281008563c8]
Event: 7.279 Thread 0x000002817cf449f0 4169       1       java.util.logging.LogManager$LoggerContext::getOwner (5 bytes)
Event: 7.279 Thread 0x000002817cf449f0 nmethod 4169 0x0000028107de4510 code [0x0000028107de46a0, 0x0000028107de4768]
Event: 7.279 Thread 0x000002817cf449f0 4170       2       java.util.regex.Pattern$BmpCharProperty::match (55 bytes)
Event: 7.279 Thread 0x000002817cf449f0 nmethod 4170 0x0000028100856710 code [0x00000281008568e0, 0x0000028100856b10]
Event: 7.306 Thread 0x000002817cf449f0 4171       3       groovy.lang.MetaMethod::<init> (5 bytes)
Event: 7.306 Thread 0x000002817c158880 4172       3       org.codehaus.groovy.reflection.ParameterTypes::<init> (5 bytes)
Event: 7.306 Thread 0x000002817c25ba00 4173       3       java.util.stream.Nodes$SpinedNodeBuilder::accept (29 bytes)
Event: 7.306 Thread 0x000002817c77ce20 4174       3       java.util.stream.SpinedBuffer::accept (94 bytes)
Event: 7.307 Thread 0x000002817c25ba00 nmethod 4173 0x0000028100856c10 code [0x0000028100856dc0, 0x0000028100856f10]
Event: 7.307 Thread 0x000002817cf449f0 nmethod 4171 0x0000028100856f90 code [0x0000028100857140, 0x0000028100857308]
Event: 7.307 Thread 0x000002817c158880 nmethod 4172 0x0000028100857410 code [0x00000281008575a0, 0x0000028100857708]
Event: 7.307 Thread 0x000002817c77ce20 nmethod 4174 0x0000028100857810 code [0x0000028100857a00, 0x0000028100858320]
Event: 7.307 Thread 0x000002817cf449f0 4175       3       org.codehaus.groovy.reflection.ReflectionCache::setAssignableFrom (1 bytes)
Event: 7.308 Thread 0x000002817cf449f0 nmethod 4175 0x0000028100858590 code [0x0000028100858720, 0x0000028100858808]

GC Heap History (8 events):
Event: 0.674 GC heap before
{Heap before GC invocations=0 (full 0):
 garbage-first heap   total 262144K, used 22528K [0x00000000e0000000, 0x0000000100000000)
  region size 1024K, 23 young (23552K), 0 survivors (0K)
 Metaspace       used 1088K, committed 1216K, reserved 393216K
  class space    used 76K, committed 128K, reserved 327680K
}
Event: 0.678 GC heap after
{Heap after GC invocations=1 (full 0):
 garbage-first heap   total 262144K, used 2810K [0x00000000e0000000, 0x0000000100000000)
  region size 1024K, 3 young (3072K), 3 survivors (3072K)
 Metaspace       used 1088K, committed 1216K, reserved 393216K
  class space    used 76K, committed 128K, reserved 327680K
}
Event: 1.602 GC heap before
{Heap before GC invocations=1 (full 0):
 garbage-first heap   total 262144K, used 40698K [0x00000000e0000000, 0x0000000100000000)
  region size 1024K, 38 young (38912K), 3 survivors (3072K)
 Metaspace       used 4480K, committed 4672K, reserved 393216K
  class space    used 533K, committed 640K, reserved 327680K
}
Event: 1.605 GC heap after
{Heap after GC invocations=2 (full 0):
 garbage-first heap   total 262144K, used 10856K [0x00000000e0000000, 0x0000000100000000)
  region size 1024K, 5 young (5120K), 5 survivors (5120K)
 Metaspace       used 4480K, committed 4672K, reserved 393216K
  class space    used 533K, committed 640K, reserved 327680K
}
Event: 2.417 GC heap before
{Heap before GC invocations=2 (full 0):
 garbage-first heap   total 262144K, used 62056K [0x00000000e0000000, 0x0000000100000000)
  region size 1024K, 53 young (54272K), 5 survivors (5120K)
 Metaspace       used 5856K, committed 6080K, reserved 393216K
  class space    used 743K, committed 832K, reserved 327680K
}
Event: 2.425 GC heap after
{Heap after GC invocations=3 (full 0):
 garbage-first heap   total 262144K, used 16772K [0x00000000e0000000, 0x0000000100000000)
  region size 1024K, 7 young (7168K), 7 survivors (7168K)
 Metaspace       used 5856K, committed 6080K, reserved 393216K
  class space    used 743K, committed 832K, reserved 327680K
}
Event: 5.116 GC heap before
{Heap before GC invocations=3 (full 0):
 garbage-first heap   total 262144K, used 102788K [0x00000000e0000000, 0x0000000100000000)
  region size 1024K, 92 young (94208K), 7 survivors (7168K)
 Metaspace       used 20871K, committed 21504K, reserved 393216K
  class space    used 2973K, committed 3264K, reserved 327680K
}
Event: 5.146 GC heap after
{Heap after GC invocations=4 (full 0):
 garbage-first heap   total 262144K, used 24312K [0x00000000e0000000, 0x0000000100000000)
  region size 1024K, 15 young (15360K), 15 survivors (15360K)
 Metaspace       used 20871K, committed 21504K, reserved 393216K
  class space    used 2973K, committed 3264K, reserved 327680K
}

Dll operation events (15 events):
Event: 0.013 Loaded shared library C:\Users\arjay\Desktop\Programming\jdks\jdk-21_windows-x64_bin\jdk-21.0.5\bin\java.dll
Event: 0.043 Loaded shared library C:\Users\arjay\Desktop\Programming\jdks\jdk-21_windows-x64_bin\jdk-21.0.5\bin\jsvml.dll
Event: 0.089 Loaded shared library C:\Users\arjay\Desktop\Programming\jdks\jdk-21_windows-x64_bin\jdk-21.0.5\bin\zip.dll
Event: 0.095 Loaded shared library C:\Users\arjay\Desktop\Programming\jdks\jdk-21_windows-x64_bin\jdk-21.0.5\bin\instrument.dll
Event: 0.100 Loaded shared library C:\Users\arjay\Desktop\Programming\jdks\jdk-21_windows-x64_bin\jdk-21.0.5\bin\net.dll
Event: 0.102 Loaded shared library C:\Users\arjay\Desktop\Programming\jdks\jdk-21_windows-x64_bin\jdk-21.0.5\bin\nio.dll
Event: 0.106 Loaded shared library C:\Users\arjay\Desktop\Programming\jdks\jdk-21_windows-x64_bin\jdk-21.0.5\bin\zip.dll
Event: 0.564 Loaded shared library C:\Users\arjay\Desktop\Programming\jdks\jdk-21_windows-x64_bin\jdk-21.0.5\bin\jimage.dll
Event: 0.788 Loaded shared library C:\Users\arjay\Desktop\Programming\jdks\jdk-21_windows-x64_bin\jdk-21.0.5\bin\verify.dll
Event: 0.972 Loaded shared library C:\Users\arjay\.gradle\native\c067742578af261105cb4f569cf0c3c89f3d7b1fecec35dd04571415982c5e48\windows-amd64\native-platform.dll
Event: 0.988 Loaded shared library C:\Users\arjay\.gradle\native\100fb08df4bc3b14c8652ba06237920a3bd2aa13389f12d3474272988ae205f9\windows-amd64\native-platform-file-events.dll
Event: 2.488 Loaded shared library C:\Users\arjay\Desktop\Programming\jdks\jdk-21_windows-x64_bin\jdk-21.0.5\bin\management.dll
Event: 2.491 Loaded shared library C:\Users\arjay\Desktop\Programming\jdks\jdk-21_windows-x64_bin\jdk-21.0.5\bin\management_ext.dll
Event: 2.828 Loaded shared library C:\Users\arjay\Desktop\Programming\jdks\jdk-21_windows-x64_bin\jdk-21.0.5\bin\extnet.dll
Event: 3.048 Loaded shared library C:\Users\arjay\Desktop\Programming\jdks\jdk-21_windows-x64_bin\jdk-21.0.5\bin\sunmscapi.dll

Deoptimization events (20 events):
Event: 7.061 Thread 0x000002817dfa59c0 Uncommon trap: trap_request=0xffffff45 fr.pc=0x0000028107d10a28 relative=0x0000000000001388
Event: 7.061 Thread 0x000002817dfa59c0 Uncommon trap: reason=unstable_if action=reinterpret pc=0x0000028107d10a28 method=java.lang.invoke.LambdaForm.useCount(Ljava/lang/invoke/LambdaForm$Name;)I @ 8 c2
Event: 7.061 Thread 0x000002817dfa59c0 DEOPT PACKING pc=0x0000028107d10a28 sp=0x000000b9de1f5f90
Event: 7.061 Thread 0x000002817dfa59c0 DEOPT UNPACKING pc=0x00000281074a46a2 sp=0x000000b9de1f5df0 mode 2
Event: 7.104 Thread 0x000002817dfa59c0 Uncommon trap: trap_request=0xffffff45 fr.pc=0x0000028107dcdcd0 relative=0x00000000000011f0
Event: 7.104 Thread 0x000002817dfa59c0 Uncommon trap: reason=unstable_if action=reinterpret pc=0x0000028107dcdcd0 method=java.util.concurrent.ConcurrentHashMap.computeIfAbsent(Ljava/lang/Object;Ljava/util/function/Function;)Ljava/lang/Object; @ 312 c2
Event: 7.104 Thread 0x000002817dfa59c0 DEOPT PACKING pc=0x0000028107dcdcd0 sp=0x000000b9de1f59e0
Event: 7.104 Thread 0x000002817dfa59c0 DEOPT UNPACKING pc=0x00000281074a46a2 sp=0x000000b9de1f5958 mode 2
Event: 7.276 Thread 0x000002817dfa59c0 Uncommon trap: trap_request=0xffffff45 fr.pc=0x0000028107c52340 relative=0x0000000000000740
Event: 7.276 Thread 0x000002817dfa59c0 Uncommon trap: reason=unstable_if action=reinterpret pc=0x0000028107c52340 method=java.util.Properties$LineReader.readLine()I @ 95 c2
Event: 7.276 Thread 0x000002817dfa59c0 DEOPT PACKING pc=0x0000028107c52340 sp=0x000000b9de1f88b0
Event: 7.276 Thread 0x000002817dfa59c0 DEOPT UNPACKING pc=0x00000281074a46a2 sp=0x000000b9de1f8860 mode 2
Event: 7.279 Thread 0x000002817dfa59c0 Uncommon trap: trap_request=0xffffffc6 fr.pc=0x0000028107d9b118 relative=0x0000000000000238
Event: 7.279 Thread 0x000002817dfa59c0 Uncommon trap: reason=bimorphic_or_optimized_type_check action=maybe_recompile pc=0x0000028107d9b118 method=java.util.regex.Pattern$BmpCharProperty.match(Ljava/util/regex/Matcher;ILjava/lang/CharSequence;)Z @ 19 c2
Event: 7.279 Thread 0x000002817dfa59c0 DEOPT PACKING pc=0x0000028107d9b118 sp=0x000000b9de1f8580
Event: 7.279 Thread 0x000002817dfa59c0 DEOPT UNPACKING pc=0x00000281074a46a2 sp=0x000000b9de1f8518 mode 2
Event: 7.279 Thread 0x000002817dfa59c0 Uncommon trap: trap_request=0xffffffc6 fr.pc=0x0000028107d9b118 relative=0x0000000000000238
Event: 7.279 Thread 0x000002817dfa59c0 Uncommon trap: reason=bimorphic_or_optimized_type_check action=maybe_recompile pc=0x0000028107d9b118 method=java.util.regex.Pattern$BmpCharProperty.match(Ljava/util/regex/Matcher;ILjava/lang/CharSequence;)Z @ 19 c2
Event: 7.279 Thread 0x000002817dfa59c0 DEOPT PACKING pc=0x0000028107d9b118 sp=0x000000b9de1f8580
Event: 7.279 Thread 0x000002817dfa59c0 DEOPT UNPACKING pc=0x00000281074a46a2 sp=0x000000b9de1f8518 mode 2

Classes loaded (20 events):
Event: 7.315 Loading class java/awt/Rectangle done
Event: 7.315 Loading class java/awt/Point
Event: 7.316 Loading class java/awt/geom/Point2D
Event: 7.316 Loading class java/awt/geom/Point2D done
Event: 7.316 Loading class java/awt/Point done
Event: 7.316 Loading class java/awt/Dimension
Event: 7.316 Loading class java/awt/geom/Dimension2D
Event: 7.316 Loading class java/awt/geom/Dimension2D done
Event: 7.316 Loading class java/awt/Dimension done
Event: 7.316 Loading class javax/swing/JRootPane
Event: 7.317 Loading class javax/swing/JRootPane done
Event: 7.317 Loading class java/awt/Font
Event: 7.318 Loading class java/awt/Font done
Event: 7.318 Loading class javax/swing/border/Border
Event: 7.319 Loading class javax/swing/border/Border done
Event: 7.319 Loading class java/awt/FontMetrics
Event: 7.319 Loading class java/awt/FontMetrics done
Event: 7.319 Loading class java/awt/Insets
Event: 7.319 Loading class java/awt/Insets done
Event: 7.319 Loading class javax/swing/InputMap

Classes unloaded (0 events):
No events

Classes redefined (0 events):
No events

Internal exceptions (20 events):
Event: 6.664 Thread 0x000002817dfa59c0 Exception <a 'java/lang/NoSuchMethodError'{0x00000000ec419a98}: 'java.lang.Object java.lang.invoke.DelegatingMethodHandle$Holder.reinvoke_L(java.lang.Object, java.lang.Object, java.lang.Object, java.lang.Object, java.lang.Object, java.lang.Object, java.lang.Object, java.lang.Object, java.lang.Object, java.lang.Object, java.lang.Object, java.lang.Object, java.lang.Object, java.lang.Object, java.lang.Object, java.lang.Object, java.lang.Object, java.lang.Object, java.lang.Object)'> (0x00000000ec419a98) 
throw
Event: 6.754 Thread 0x000002817dfa59c0 Exception <a 'java/lang/IncompatibleClassChangeError'{0x00000000ebfea418}: Found class java.lang.Object, but interface was expected> (0x00000000ebfea418) 
thrown [s\open\src\hotspot\share\interpreter\linkResolver.cpp, line 840]
Event: 6.767 Thread 0x000002817dfa59c0 Exception <a 'java/lang/NoSuchMethodError'{0x00000000ebee0df8}: 'java.lang.Object java.lang.invoke.DirectMethodHandle$Holder.newInvokeSpecial(java.lang.Object, java.lang.Object, long)'> (0x00000000ebee0df8) 
thrown [s\open\src\hotspot\share\interpreter\linkResolver.cpp, line 773]
Event: 6.767 Thread 0x000002817dfa59c0 Exception <a 'java/lang/NoSuchMethodError'{0x00000000ebee5150}: 'java.lang.Object java.lang.invoke.Invokers$Holder.linkToTargetMethod(java.lang.Object, long, java.lang.Object)'> (0x00000000ebee5150) 
thrown [s\open\src\hotspot\share\interpreter\linkResolver.cpp, line 773]
Event: 6.805 Thread 0x000002817dfa59c0 Exception <a 'java/lang/NoSuchMethodError'{0x00000000ebb279d8}: 'int java.lang.invoke.DirectMethodHandle$Holder.invokeInterface(java.lang.Object, java.lang.Object)'> (0x00000000ebb279d8) 
thrown [s\open\src\hotspot\share\interpreter\linkResolver.cpp, line 773]
Event: 6.813 Thread 0x000002817dfa59c0 Exception <a 'java/lang/NoSuchMethodError'{0x00000000ebb942c8}: 'java.lang.Object java.lang.invoke.DirectMethodHandle$Holder.invokeVirtual(java.lang.Object, java.lang.Object, int)'> (0x00000000ebb942c8) 
thrown [s\open\src\hotspot\share\interpreter\linkResolver.cpp, line 773]
Event: 6.830 Thread 0x000002817dfa59c0 Exception <a 'java/lang/NoSuchMethodError'{0x00000000eba3e0c8}: 'java.lang.Object java.lang.invoke.DirectMethodHandle$Holder.invokeStatic(java.lang.Object, java.lang.Object, int, java.lang.Object)'> (0x00000000eba3e0c8) 
thrown [s\open\src\hotspot\share\interpreter\linkResolver.cpp, line 773]
Event: 6.830 Thread 0x000002817dfa59c0 Exception <a 'java/lang/NoSuchMethodError'{0x00000000eba45450}: 'java.lang.Object java.lang.invoke.DirectMethodHandle$Holder.newInvokeSpecial(java.lang.Object, java.lang.Object, int, java.lang.Object)'> (0x00000000eba45450) 
thrown [s\open\src\hotspot\share\interpreter\linkResolver.cpp, line 773]
Event: 6.831 Thread 0x000002817dfa59c0 Exception <a 'java/lang/NoSuchMethodError'{0x00000000eba49b68}: 'java.lang.Object java.lang.invoke.DirectMethodHandle$Holder.invokeSpecial(java.lang.Object, java.lang.Object, java.lang.Object, int, java.lang.Object)'> (0x00000000eba49b68) 
thrown [s\open\src\hotspot\share\interpreter\linkResolver.cpp, line 773]
Event: 6.901 Thread 0x000002817dfa59c0 Exception <a 'java/lang/NoSuchMethodError'{0x00000000eb8afdf8}: 'void java.lang.invoke.DirectMethodHandle$Holder.invokeInterface(java.lang.Object, java.lang.Object, java.lang.Object, java.lang.Object, java.lang.Object, java.lang.Object, java.lang.Object)'> (0x00000000eb8afdf8) 
thrown [s\open\src\hotspot\share\interpreter\linkResolver.cpp, line 773]
Event: 6.902 Thread 0x000002817dfa59c0 Exception <a 'java/lang/NoSuchMethodError'{0x00000000eb8b46f0}: 'void java.lang.invoke.DelegatingMethodHandle$Holder.reinvoke_L(java.lang.Object, java.lang.Object, java.lang.Object, java.lang.Object, java.lang.Object, java.lang.Object, java.lang.Object)'> (0x00000000eb8b46f0) 
thrown [s\open\src\hotspot\share\interpreter\linkResolver.cpp, line 773]
Event: 6.948 Thread 0x000002817dfa59c0 Exception <a 'java/lang/NoSuchMethodError'{0x00000000eb64d6b8}: 'java.lang.Object java.lang.invoke.DirectMethodHandle$Holder.invokeStaticInit(java.lang.Object, java.lang.Object, java.lang.Object, java.lang.Object, java.lang.Object, java.lang.Object, java.lang.Object)'> (0x00000000eb64d6b8) 
thrown [s\open\src\hotspot\share\interpreter\linkResolver.cpp, line 773]
Event: 6.953 Thread 0x000002817dfa59c0 Exception <a 'java/lang/NoSuchMethodError'{0x00000000eb6731b8}: 'java.lang.Object java.lang.invoke.DirectMethodHandle$Holder.invokeSpecial(java.lang.Object, java.lang.Object, java.lang.Object, int, java.lang.Object, java.lang.Object)'> (0x00000000eb6731b8) 
thrown [s\open\src\hotspot\share\interpreter\linkResolver.cpp, line 773]
Event: 7.059 Thread 0x000002817dfa59c0 Implicit null exception at 0x0000028107cd3d34 to 0x0000028107cd4254
Event: 7.059 Thread 0x000002817dfa59c0 Implicit null exception at 0x0000028107d5fc18 to 0x0000028107d5ff94
Event: 7.059 Thread 0x000002817dfa59c0 Implicit null exception at 0x0000028107d80b30 to 0x0000028107d813f4
Event: 7.059 Thread 0x000002817dfa59c0 Exception <a 'java/lang/NoSuchMethodError'{0x00000000eb1603d0}: 'java.lang.reflect.Method[] java.lang.Class.getDeclaredMethods(java.lang.Class)'> (0x00000000eb1603d0) 
thrown [s\open\src\hotspot\share\interpreter\linkResolver.cpp, line 773]
Event: 7.097 Thread 0x000002817dfa59c0 Exception <a 'java/lang/NoSuchMethodError'{0x00000000eaf2bc30}: 'void java.lang.invoke.DirectMethodHandle$Holder.invokeStaticInit(java.lang.Object, java.lang.Object, java.lang.Object)'> (0x00000000eaf2bc30) 
thrown [s\open\src\hotspot\share\interpreter\linkResolver.cpp, line 773]
Event: 7.101 Thread 0x000002817dfa59c0 Exception <a 'java/lang/NoSuchMethodError'{0x00000000eaf4fef0}: 'void java.lang.invoke.DirectMethodHandle$Holder.invokeStaticInit(java.lang.Object, java.lang.Object, java.lang.Object, java.lang.Object, java.lang.Object)'> (0x00000000eaf4fef0) 
thrown [s\open\src\hotspot\share\interpreter\linkResolver.cpp, line 773]
Event: 7.113 Thread 0x000002817dfa59c0 Exception <a 'java/lang/NoSuchMethodError'{0x00000000eafa8f40}: 'int java.lang.invoke.DirectMethodHandle$Holder.invokeStaticInit(java.lang.Object, java.lang.Object, java.lang.Object, java.lang.Object)'> (0x00000000eafa8f40) 
thrown [s\open\src\hotspot\share\interpreter\linkResolver.cpp, line 773]

ZGC Phase Switch (0 events):
No events

VM Operations (20 events):
Event: 6.357 Executing VM operation: HandshakeAllThreads (Deoptimize)
Event: 6.357 Executing VM operation: HandshakeAllThreads (Deoptimize) done
Event: 6.357 Executing VM operation: Cleanup
Event: 6.357 Executing VM operation: Cleanup done
Event: 6.536 Executing VM operation: HandshakeAllThreads (Deoptimize)
Event: 6.537 Executing VM operation: HandshakeAllThreads (Deoptimize) done
Event: 6.756 Executing VM operation: HandshakeAllThreads (Deoptimize)
Event: 6.756 Executing VM operation: HandshakeAllThreads (Deoptimize) done
Event: 6.771 Executing VM operation: HandshakeAllThreads (Deoptimize)
Event: 6.771 Executing VM operation: HandshakeAllThreads (Deoptimize) done
Event: 6.907 Executing VM operation: HandshakeAllThreads (Deoptimize)
Event: 6.907 Executing VM operation: HandshakeAllThreads (Deoptimize) done
Event: 6.907 Executing VM operation: HandshakeAllThreads (Deoptimize)
Event: 6.907 Executing VM operation: HandshakeAllThreads (Deoptimize) done
Event: 7.051 Executing VM operation: HandshakeAllThreads (Deoptimize)
Event: 7.051 Executing VM operation: HandshakeAllThreads (Deoptimize) done
Event: 7.062 Executing VM operation: ICBufferFull
Event: 7.062 Executing VM operation: ICBufferFull done
Event: 7.313 Executing VM operation: HandshakeAllThreads (Deoptimize)
Event: 7.313 Executing VM operation: HandshakeAllThreads (Deoptimize) done

Events (20 events):
Event: 3.848 Thread 0x000002817df4e270 Thread added: 0x000002817df4e270
Event: 4.006 Thread 0x000002817e0f0fe0 Thread added: 0x000002817e0f0fe0
Event: 4.824 Thread 0x000002817df4fcb0 Thread added: 0x000002817df4fcb0
Event: 5.067 Thread 0x0000028125123eb0 Thread added: 0x0000028125123eb0
Event: 5.408 Thread 0x000002817df4f620 Thread added: 0x000002817df4f620
Event: 5.448 Thread 0x000002817df50340 Thread added: 0x000002817df50340
Event: 5.789 Thread 0x0000028125123eb0 Thread exited: 0x0000028125123eb0
Event: 5.891 Thread 0x0000028127401fb0 Thread added: 0x0000028127401fb0
Event: 5.898 Thread 0x0000028127400570 Thread added: 0x0000028127400570
Event: 5.899 Thread 0x000002817e0f0fe0 Thread exited: 0x000002817e0f0fe0
Event: 5.899 Thread 0x000002817df3a950 Thread exited: 0x000002817df3a950
Event: 6.254 Thread 0x00000281273ffee0 Thread added: 0x00000281273ffee0
Event: 6.375 Thread 0x000002812605e900 Thread added: 0x000002812605e900
Event: 6.468 Thread 0x00000281273ff850 Thread added: 0x00000281273ff850
Event: 6.482 Thread 0x0000028127401920 Thread added: 0x0000028127401920
Event: 6.613 Thread 0x0000028127402640 Thread added: 0x0000028127402640
Event: 6.831 Thread 0x0000028127402cd0 Thread added: 0x0000028127402cd0
Event: 6.882 Thread 0x0000028127403360 Thread added: 0x0000028127403360
Event: 6.935 Thread 0x0000028124935d40 Thread added: 0x0000028124935d40
Event: 7.029 Thread 0x0000028124936a30 Thread added: 0x0000028124936a30


Dynamic libraries:
0x00007ff6bd8e0000 - 0x00007ff6bd8f0000 	C:\Users\arjay\Desktop\Programming\jdks\jdk-21_windows-x64_bin\jdk-21.0.5\bin\java.exe
0x00007ffcf38c0000 - 0x00007ffcf3b23000 	C:\WINDOWS\SYSTEM32\ntdll.dll
0x00007ffcf1720000 - 0x00007ffcf17e8000 	C:\WINDOWS\System32\KERNEL32.DLL
0x00007ffcf11e0000 - 0x00007ffcf1592000 	C:\WINDOWS\System32\KERNELBASE.dll
0x00007ffcf0c90000 - 0x00007ffcf0ddb000 	C:\WINDOWS\System32\ucrtbase.dll
0x00007ffcec680000 - 0x00007ffcec699000 	C:\Users\arjay\Desktop\Programming\jdks\jdk-21_windows-x64_bin\jdk-21.0.5\bin\jli.dll
0x00007ffcadd30000 - 0x00007ffcadd4b000 	C:\Users\arjay\Desktop\Programming\jdks\jdk-21_windows-x64_bin\jdk-21.0.5\bin\VCRUNTIME140.dll
0x00007ffcf21b0000 - 0x00007ffcf2264000 	C:\WINDOWS\System32\ADVAPI32.dll
0x00007ffcf3640000 - 0x00007ffcf36e9000 	C:\WINDOWS\System32\msvcrt.dll
0x00007ffcf20d0000 - 0x00007ffcf2176000 	C:\WINDOWS\System32\sechost.dll
0x00007ffcf3170000 - 0x00007ffcf3286000 	C:\WINDOWS\System32\RPCRT4.dll
0x00007ffcf32a0000 - 0x00007ffcf3468000 	C:\WINDOWS\System32\USER32.dll
0x00007ffcf1630000 - 0x00007ffcf1657000 	C:\WINDOWS\System32\win32u.dll
0x00007ffcf1930000 - 0x00007ffcf195a000 	C:\WINDOWS\System32\GDI32.dll
0x00007ffcdeac0000 - 0x00007ffcded50000 	C:\WINDOWS\WinSxS\amd64_microsoft.windows.common-controls_6595b64144ccf1df_6.0.26100.2454_none_3e0b68a2e331ad60\COMCTL32.dll
0x00007ffcf0de0000 - 0x00007ffcf0f0b000 	C:\WINDOWS\System32\gdi32full.dll
0x00007ffcf0f10000 - 0x00007ffcf0fb3000 	C:\WINDOWS\System32\msvcp_win.dll
0x00007ffce9c40000 - 0x00007ffce9c4b000 	C:\WINDOWS\SYSTEM32\VERSION.dll
0x00007ffcf1b20000 - 0x00007ffcf1b4f000 	C:\WINDOWS\System32\IMM32.DLL
0x00007ffcec940000 - 0x00007ffcec94c000 	C:\Users\arjay\Desktop\Programming\jdks\jdk-21_windows-x64_bin\jdk-21.0.5\bin\vcruntime140_1.dll
0x00007ffc4d4b0000 - 0x00007ffc4d53e000 	C:\Users\arjay\Desktop\Programming\jdks\jdk-21_windows-x64_bin\jdk-21.0.5\bin\msvcp140.dll
0x00007ffc38f60000 - 0x00007ffc39c78000 	C:\Users\arjay\Desktop\Programming\jdks\jdk-21_windows-x64_bin\jdk-21.0.5\bin\server\jvm.dll
0x00007ffcf36f0000 - 0x00007ffcf3764000 	C:\WINDOWS\System32\WS2_32.dll
0x00007ffce89b0000 - 0x00007ffce89e6000 	C:\WINDOWS\SYSTEM32\WINMM.dll
0x00007ffcf0b20000 - 0x00007ffcf0b6e000 	C:\WINDOWS\SYSTEM32\POWRPROF.dll
0x00007ffcf0b00000 - 0x00007ffcf0b14000 	C:\WINDOWS\SYSTEM32\UMPDC.dll
0x00007ffcefad0000 - 0x00007ffcefaea000 	C:\WINDOWS\SYSTEM32\kernel.appcore.dll
0x00007ffcc71a0000 - 0x00007ffcc71aa000 	C:\Users\arjay\Desktop\Programming\jdks\jdk-21_windows-x64_bin\jdk-21.0.5\bin\jimage.dll
0x00007ffcdf670000 - 0x00007ffcdf8b1000 	C:\WINDOWS\SYSTEM32\DBGHELP.DLL
0x00007ffcf2450000 - 0x00007ffcf27ce000 	C:\WINDOWS\System32\combase.dll
0x00007ffcf2370000 - 0x00007ffcf2446000 	C:\WINDOWS\System32\OLEAUT32.dll
0x00007ffcd3c10000 - 0x00007ffcd3c49000 	C:\WINDOWS\SYSTEM32\dbgcore.DLL
0x00007ffcf0fc0000 - 0x00007ffcf1059000 	C:\WINDOWS\System32\bcryptPrimitives.dll
0x00007ffcb1e70000 - 0x00007ffcb1e7f000 	C:\Users\arjay\Desktop\Programming\jdks\jdk-21_windows-x64_bin\jdk-21.0.5\bin\instrument.dll
0x00007ffcad070000 - 0x00007ffcad08f000 	C:\Users\arjay\Desktop\Programming\jdks\jdk-21_windows-x64_bin\jdk-21.0.5\bin\java.dll
0x00007ffcf2870000 - 0x00007ffcf2f71000 	C:\WINDOWS\System32\SHELL32.dll
0x00007ffcee970000 - 0x00007ffcef1a1000 	C:\WINDOWS\SYSTEM32\windows.storage.dll
0x00007ffcf1ff0000 - 0x00007ffcf20ca000 	C:\WINDOWS\System32\SHCORE.dll
0x00007ffcf3770000 - 0x00007ffcf37cd000 	C:\WINDOWS\System32\shlwapi.dll
0x00007ffcf0ba0000 - 0x00007ffcf0bce000 	C:\WINDOWS\SYSTEM32\profapi.dll
0x00007ffcb3320000 - 0x00007ffcb33f7000 	C:\Users\arjay\Desktop\Programming\jdks\jdk-21_windows-x64_bin\jdk-21.0.5\bin\jsvml.dll
0x00007ffcad050000 - 0x00007ffcad068000 	C:\Users\arjay\Desktop\Programming\jdks\jdk-21_windows-x64_bin\jdk-21.0.5\bin\zip.dll
0x00007ffcad040000 - 0x00007ffcad050000 	C:\Users\arjay\Desktop\Programming\jdks\jdk-21_windows-x64_bin\jdk-21.0.5\bin\net.dll
0x00007ffced3e0000 - 0x00007ffced506000 	C:\WINDOWS\SYSTEM32\WINHTTP.dll
0x00007ffceffd0000 - 0x00007ffcf0038000 	C:\WINDOWS\system32\mswsock.dll
0x00007ffcad020000 - 0x00007ffcad036000 	C:\Users\arjay\Desktop\Programming\jdks\jdk-21_windows-x64_bin\jdk-21.0.5\bin\nio.dll
0x00007ffc7a330000 - 0x00007ffc7a340000 	C:\Users\arjay\Desktop\Programming\jdks\jdk-21_windows-x64_bin\jdk-21.0.5\bin\verify.dll
0x00007ffccb8b0000 - 0x00007ffccb8d7000 	C:\Users\arjay\.gradle\native\c067742578af261105cb4f569cf0c3c89f3d7b1fecec35dd04571415982c5e48\windows-amd64\native-platform.dll
0x00007ffcaaf70000 - 0x00007ffcab0b4000 	C:\Users\arjay\.gradle\native\100fb08df4bc3b14c8652ba06237920a3bd2aa13389f12d3474272988ae205f9\windows-amd64\native-platform-file-events.dll
0x00007ffc5e180000 - 0x00007ffc5e18a000 	C:\Users\arjay\Desktop\Programming\jdks\jdk-21_windows-x64_bin\jdk-21.0.5\bin\management.dll
0x00007ffc5d8a0000 - 0x00007ffc5d8ab000 	C:\Users\arjay\Desktop\Programming\jdks\jdk-21_windows-x64_bin\jdk-21.0.5\bin\management_ext.dll
0x00007ffcf2360000 - 0x00007ffcf2368000 	C:\WINDOWS\System32\PSAPI.DLL
0x00007ffcf0280000 - 0x00007ffcf029c000 	C:\WINDOWS\SYSTEM32\CRYPTSP.dll
0x00007ffcefa30000 - 0x00007ffcefa68000 	C:\WINDOWS\system32\rsaenh.dll
0x00007ffcf0070000 - 0x00007ffcf009b000 	C:\WINDOWS\SYSTEM32\USERENV.dll
0x00007ffcf04b0000 - 0x00007ffcf04d6000 	C:\WINDOWS\SYSTEM32\bcrypt.dll
0x00007ffcf0270000 - 0x00007ffcf027c000 	C:\WINDOWS\SYSTEM32\CRYPTBASE.dll
0x00007ffcef580000 - 0x00007ffcef5b2000 	C:\WINDOWS\SYSTEM32\IPHLPAPI.DLL
0x00007ffcf3290000 - 0x00007ffcf329a000 	C:\WINDOWS\System32\NSI.dll
0x00007ffc5c930000 - 0x00007ffc5c939000 	C:\Users\arjay\Desktop\Programming\jdks\jdk-21_windows-x64_bin\jdk-21.0.5\bin\extnet.dll
0x00007ffc5c640000 - 0x00007ffc5c64e000 	C:\Users\arjay\Desktop\Programming\jdks\jdk-21_windows-x64_bin\jdk-21.0.5\bin\sunmscapi.dll
0x00007ffcf1060000 - 0x00007ffcf11d6000 	C:\WINDOWS\System32\CRYPT32.dll
0x00007ffcf0470000 - 0x00007ffcf04a0000 	C:\WINDOWS\SYSTEM32\ncrypt.dll
0x00007ffcf0420000 - 0x00007ffcf045f000 	C:\WINDOWS\SYSTEM32\NTASN1.dll
0x00007ffcc72b0000 - 0x00007ffcc72b8000 	C:\WINDOWS\system32\wshunix.dll

dbghelp: loaded successfully - version: 4.0.5 - missing functions: none
symbol engine: initialized successfully - sym options: 0x614 - pdb path: .;C:\Users\arjay\Desktop\Programming\jdks\jdk-21_windows-x64_bin\jdk-21.0.5\bin;C:\WINDOWS\SYSTEM32;C:\WINDOWS\WinSxS\amd64_microsoft.windows.common-controls_6595b64144ccf1df_6.0.26100.2454_none_3e0b68a2e331ad60;C:\Users\arjay\Desktop\Programming\jdks\jdk-21_windows-x64_bin\jdk-21.0.5\bin\server;C:\Users\arjay\.gradle\native\c067742578af261105cb4f569cf0c3c89f3d7b1fecec35dd04571415982c5e48\windows-amd64;C:\Users\arjay\.gradle\native\100fb08df4bc3b14c8652ba06237920a3bd2aa13389f12d3474272988ae205f9\windows-amd64

VM Arguments:
jvm_args: --add-opens=java.base/java.lang=ALL-UNNAMED --add-opens=java.base/java.lang.invoke=ALL-UNNAMED --add-opens=java.base/java.util=ALL-UNNAMED --add-opens=java.prefs/java.util.prefs=ALL-UNNAMED --add-exports=jdk.compiler/com.sun.tools.javac.api=ALL-UNNAMED --add-exports=jdk.compiler/com.sun.tools.javac.util=ALL-UNNAMED --add-opens=java.base/java.util=ALL-UNNAMED --add-opens=java.prefs/java.util.prefs=ALL-UNNAMED --add-opens=java.base/java.nio.charset=ALL-UNNAMED --add-opens=java.base/java.net=ALL-UNNAMED --add-opens=java.base/java.util.concurrent.atomic=ALL-UNNAMED --add-opens=java.xml/javax.xml.namespace=ALL-UNNAMED -XX:MaxMetaspaceSize=384m -XX:+HeapDumpOnOutOfMemoryError -Xms256m -Xmx512m -Dfile.encoding=UTF-8 -Duser.country=US -Duser.language=en -Duser.variant -javaagent:C:\Users\arjay\.gradle\wrapper\dists\gradle-8.11.1-bin\bpt9gzteqjrbo1mjrsomdt32c\gradle-8.11.1\lib\agents\gradle-instrumentation-agent-8.11.1.jar 
java_command: org.gradle.launcher.daemon.bootstrap.GradleDaemon 8.11.1
java_class_path (initial): C:\Users\arjay\.gradle\wrapper\dists\gradle-8.11.1-bin\bpt9gzteqjrbo1mjrsomdt32c\gradle-8.11.1\lib\gradle-daemon-main-8.11.1.jar
Launcher Type: SUN_STANDARD

[Global flags]
     intx CICompilerCount                          = 12                                        {product} {ergonomic}
   size_t CompressedClassSpaceSize                 = 335544320                                 {product} {ergonomic}
     uint ConcGCThreads                            = 3                                         {product} {ergonomic}
     uint G1ConcRefinementThreads                  = 13                                        {product} {ergonomic}
   size_t G1HeapRegionSize                         = 1048576                                   {product} {ergonomic}
    uintx GCDrainStackTargetSize                   = 64                                        {product} {ergonomic}
     bool HeapDumpOnOutOfMemoryError               = true                                   {manageable} {command line}
   size_t InitialHeapSize                          = 268435456                                 {product} {command line}
   size_t MarkStackSize                            = 4194304                                   {product} {ergonomic}
   size_t MaxHeapSize                              = 536870912                                 {product} {command line}
   size_t MaxMetaspaceSize                         = 402653184                                 {product} {command line}
   size_t MaxNewSize                               = 321912832                                 {product} {ergonomic}
   size_t MinHeapDeltaBytes                        = 1048576                                   {product} {ergonomic}
   size_t MinHeapSize                              = 268435456                                 {product} {command line}
    uintx NonNMethodCodeHeapSize                   = 7602480                                {pd product} {ergonomic}
    uintx NonProfiledCodeHeapSize                  = 122027880                              {pd product} {ergonomic}
    uintx ProfiledCodeHeapSize                     = 122027880                              {pd product} {ergonomic}
    uintx ReservedCodeCacheSize                    = 251658240                              {pd product} {ergonomic}
     bool SegmentedCodeCache                       = true                                      {product} {ergonomic}
   size_t SoftMaxHeapSize                          = 536870912                              {manageable} {ergonomic}
     bool UseCompressedOops                        = true                           {product lp64_product} {ergonomic}
     bool UseG1GC                                  = true                                      {product} {ergonomic}
     bool UseLargePagesIndividualAllocation        = false                                  {pd product} {ergonomic}

Logging:
Log output configuration:
 #0: stdout all=warning uptime,level,tags foldmultilines=false
 #1: stderr all=off uptime,level,tags foldmultilines=false

Environment Variables:
JAVA_HOME=C:\Users\arjay\Desktop\Programming\jdks\jdk-21_windows-x64_bin\jdk-21.0.5
PATH=C:\WINDOWS\system32;C:\WINDOWS;C:\WINDOWS\System32\Wbem;C:\WINDOWS\System32\WindowsPowerShell\v1.0\;C:\WINDOWS\System32\OpenSSH\;C:\Users\arjay\Desktop\Programming\jdks\jdk-21_windows-x64_bin\jdk-21.0.5\bin;C:\Program Files\Common Files\Oracle\Java\javapath;C:\Program Files (x86)\Microsoft SQL Server\160\Tools\Binn\;C:\Program Files\Microsoft SQL Server\160\Tools\Binn\;C:\Program Files\Microsoft SQL Server\Client SDK\ODBC\170\Tools\Binn\;C:\Program Files\Microsoft SQL Server\160\DTS\Binn\;C:\Program Files (x86)\Microsoft SQL Server\160\DTS\Binn\;C:\Users\arjay\Desktop\Programming\SoftwareDevelopment\apache-maven-3.9.9\bin;C:\Program Files (x86)\AOMEI\AOMEI Backupper\7.4.1;C:\Program Files\nodejs\;C:\Program Files\Git\cmd;C:\Program Files\Docker\Docker\resources\bin;C:\Users\arjay\Desktop\Programming\SoftwareDevelopment\gradle-8.12-all\gradle-8.12\bin;C:\Program Files\dotnet\;C:\Users\arjay\AppData\Local\Microsoft\WindowsApps;C:\Users\arjay\AppData\Local\Programs\Microsoft VS Code\bin;C:\Users\arjay\AppData\Roaming\npm
USERNAME=arjay
OS=Windows_NT
PROCESSOR_IDENTIFIER=AMD64 Family 25 Model 80 Stepping 0, AuthenticAMD
TMP=C:\Users\arjay\AppData\Local\Temp
TEMP=C:\Users\arjay\AppData\Local\Temp




Periodic native trim disabled

---------------  S Y S T E M  ---------------

OS:
 Windows 11 , 64 bit Build 26100 (10.0.26100.2454)
OS uptime: 0 days 10:29 hours
Hyper-V role detected

CPU: total 16 (initial active 16) (16 cores per cpu, 2 threads per core) family 25 model 80 stepping 0 microcode 0xa50000c, cx8, cmov, fxsr, ht, mmx, 3dnowpref, sse, sse2, sse3, ssse3, sse4a, sse4.1, sse4.2, popcnt, lzcnt, tsc, tscinvbit, avx, avx2, aes, erms, clmul, bmi1, bmi2, adx, sha, fma, vzeroupper, clflush, clflushopt, hv, rdtscp, rdpid, fsrm, f16c, cet_ss
Processor Information for all 16 processors :
  Max Mhz: 1901, Current Mhz: 1901, Mhz Limit: 1901

Memory: 4k page, system-wide physical 14187M (904M free)
TotalPageFile size 57195M (AvailPageFile size 61M)
current process WorkingSet (physical memory assigned to process): 324M, peak: 324M
current process commit charge ("private bytes"): 518M, peak: 519M

vm_info: Java HotSpot(TM) 64-Bit Server VM (21.0.5+9-LTS-239) for windows-amd64 JRE (21.0.5+9-LTS-239), built on 2024-09-30T05:17:38Z by "mach5one" with MS VC++ 17.6 (VS2022)

END.
